0 info it worked if it ends with ok
1 verbose cli [ 'C:\\Program Files\\nodejs\\node.exe',
1 verbose cli   'C:\\Program Files\\nodejs\\node_modules\\npm\\bin\\npm-cli.js',
1 verbose cli   'install' ]
2 info using npm@3.10.10
3 info using node@v6.11.2
4 silly loadCurrentTree Starting
5 silly install loadCurrentTree
6 silly install readLocalPackageData
7 silly install normalizeTree
8 silly loadCurrentTree Finishing
9 silly loadIdealTree Starting
10 silly install loadIdealTree
11 silly cloneCurrentTree Starting
12 silly install cloneCurrentTreeToIdealTree
13 silly cloneCurrentTree Finishing
14 silly loadShrinkwrap Starting
15 silly install loadShrinkwrap
16 silly loadShrinkwrap Finishing
17 silly loadAllDepsIntoIdealTree Starting
18 silly install loadAllDepsIntoIdealTree
19 silly fetchNamedPackageData fsevents
20 silly mapToRegistry name fsevents
21 silly mapToRegistry using default registry
22 silly mapToRegistry registry https://registry.npmjs.org/
23 silly mapToRegistry data Result {
23 silly mapToRegistry   raw: 'fsevents',
23 silly mapToRegistry   scope: null,
23 silly mapToRegistry   escapedName: 'fsevents',
23 silly mapToRegistry   name: 'fsevents',
23 silly mapToRegistry   rawSpec: '',
23 silly mapToRegistry   spec: 'latest',
23 silly mapToRegistry   type: 'tag' }
24 silly mapToRegistry uri https://registry.npmjs.org/fsevents
25 verbose request uri https://registry.npmjs.org/fsevents
26 verbose request no auth needed
27 info attempt registry request try #1 at 21:10:10
28 verbose request id 36e3ebfa7c772f5f
29 verbose etag W/"5a0626da-e534"
30 verbose lastModified Fri, 10 Nov 2017 22:23:22 GMT
31 http request GET https://registry.npmjs.org/fsevents
32 http 304 https://registry.npmjs.org/fsevents
33 verbose headers { date: 'Mon, 13 Nov 2017 03:10:10 GMT',
33 verbose headers   via: '1.1 varnish',
33 verbose headers   'cache-control': 'max-age=300',
33 verbose headers   etag: 'W/"5a0626da-e534"',
33 verbose headers   age: '34',
33 verbose headers   connection: 'keep-alive',
33 verbose headers   'x-served-by': 'cache-mia17631-MIA',
33 verbose headers   'x-cache': 'HIT',
33 verbose headers   'x-cache-hits': '151',
33 verbose headers   'x-timer': 'S1510542610.187344,VS0,VE0',
33 verbose headers   vary: 'Accept-Encoding, Accept' }
34 silly get cb [ 304,
34 silly get   { date: 'Mon, 13 Nov 2017 03:10:10 GMT',
34 silly get     via: '1.1 varnish',
34 silly get     'cache-control': 'max-age=300',
34 silly get     etag: 'W/"5a0626da-e534"',
34 silly get     age: '34',
34 silly get     connection: 'keep-alive',
34 silly get     'x-served-by': 'cache-mia17631-MIA',
34 silly get     'x-cache': 'HIT',
34 silly get     'x-cache-hits': '151',
34 silly get     'x-timer': 'S1510542610.187344,VS0,VE0',
34 silly get     vary: 'Accept-Encoding, Accept' } ]
35 verbose etag https://registry.npmjs.org/fsevents from cache
36 verbose get saving fsevents to C:\Users\isaac\AppData\Roaming\npm-cache\registry.npmjs.org\fsevents\.cache.json
37 verbose correctMkdir C:\Users\isaac\AppData\Roaming\npm-cache correctMkdir not in flight; initializing
38 silly resolveWithNewModule fsevents@1.1.3 checking installable status
39 silly loadAllDepsIntoIdealTree Finishing
40 silly loadIdealTree Finishing
41 silly currentTree proyecto-analisis-frontend@1.0.0
41 silly currentTree +-- @angular/animations@4.0.1
41 silly currentTree +-- @angular/cli@1.2.6
41 silly currentTree | +-- ansi-styles@3.2.0
41 silly currentTree | +-- chalk@2.3.0
41 silly currentTree | +-- color-convert@1.9.1
41 silly currentTree | +-- has-flag@2.0.0
41 silly currentTree | +-- supports-color@4.5.0
41 silly currentTree | `-- zone.js@0.8.18
41 silly currentTree +-- @angular/common@4.0.1
41 silly currentTree +-- @angular/compiler-cli@4.0.1
41 silly currentTree +-- @angular/compiler@4.0.1
41 silly currentTree +-- @angular/core@4.0.1
41 silly currentTree +-- @angular/forms@4.0.1
41 silly currentTree +-- @angular/http@4.0.1
41 silly currentTree +-- @angular/platform-browser-dynamic@4.0.1
41 silly currentTree +-- @angular/platform-browser@4.0.1
41 silly currentTree +-- @angular/platform-server@4.0.1
41 silly currentTree +-- @angular/router@4.0.1
41 silly currentTree +-- @angular/tsc-wrapped@4.0.1
41 silly currentTree +-- @ngtools/json-schema@1.1.0
41 silly currentTree +-- @ngtools/webpack@1.5.5
41 silly currentTree +-- @types/jasmine@2.5.38
41 silly currentTree +-- @types/jspdf@1.1.31
41 silly currentTree +-- @types/node@6.0.88
41 silly currentTree +-- abbrev@1.1.1
41 silly currentTree +-- accepts@1.3.4
41 silly currentTree +-- acorn-dynamic-import@2.0.2
41 silly currentTree | `-- acorn@4.0.13
41 silly currentTree +-- acorn@5.2.1
41 silly currentTree +-- ajv-keywords@1.5.1
41 silly currentTree +-- ajv@5.3.0
41 silly currentTree +-- align-text@0.1.4
41 silly currentTree +-- alphanum-sort@1.0.2
41 silly currentTree +-- amdefine@1.0.1
41 silly currentTree +-- angular2-ladda@1.2.1
41 silly currentTree +-- angular2-text-mask@8.0.4
41 silly currentTree +-- animate.css@3.1.1
41 silly currentTree +-- ansi-escapes@3.0.0
41 silly currentTree +-- ansi-html@0.0.7
41 silly currentTree +-- ansi-regex@2.1.1
41 silly currentTree +-- ansi-styles@2.2.1
41 silly currentTree +-- any-promise@1.3.0
41 silly currentTree +-- anymatch@1.3.2
41 silly currentTree +-- app-root-path@2.0.1
41 silly currentTree +-- aproba@1.2.0
41 silly currentTree +-- are-we-there-yet@1.1.4
41 silly currentTree +-- argparse@1.0.9
41 silly currentTree +-- arr-diff@2.0.0
41 silly currentTree +-- arr-flatten@1.1.0
41 silly currentTree +-- array-find-index@1.0.2
41 silly currentTree +-- array-flatten@1.1.1
41 silly currentTree +-- array-unique@0.2.1
41 silly currentTree +-- arrify@1.0.1
41 silly currentTree +-- asap@2.0.6
41 silly currentTree +-- asn1.js@4.9.2
41 silly currentTree +-- asn1@0.2.3
41 silly currentTree +-- assert-plus@0.2.0
41 silly currentTree +-- assert@1.4.1
41 silly currentTree +-- ast-transform@0.0.0
41 silly currentTree | +-- escodegen@1.2.0
41 silly currentTree | +-- esprima@1.0.4
41 silly currentTree | +-- esutils@1.0.0
41 silly currentTree | `-- source-map@0.1.43
41 silly currentTree +-- ast-types@0.7.8
41 silly currentTree +-- async-each@1.0.1
41 silly currentTree +-- async-foreach@0.1.3
41 silly currentTree +-- async@2.6.0
41 silly currentTree +-- asynckit@0.4.0
41 silly currentTree +-- autoprefixer@6.7.7
41 silly currentTree +-- aws-sign2@0.6.0
41 silly currentTree +-- aws4@1.6.0
41 silly currentTree +-- babel-code-frame@6.26.0
41 silly currentTree +-- babel-generator@6.26.0
41 silly currentTree | `-- jsesc@1.3.0
41 silly currentTree +-- babel-messages@6.23.0
41 silly currentTree +-- babel-runtime@6.26.0
41 silly currentTree +-- babel-template@6.26.0
41 silly currentTree +-- babel-traverse@6.26.0
41 silly currentTree +-- babel-types@6.26.0
41 silly currentTree +-- babylon@6.18.0
41 silly currentTree +-- balanced-match@0.4.2
41 silly currentTree +-- base64-js@1.2.1
41 silly currentTree +-- batch@0.6.1
41 silly currentTree +-- bcrypt-pbkdf@1.0.1
41 silly currentTree +-- big.js@3.2.0
41 silly currentTree +-- binary-extensions@1.10.0
41 silly currentTree +-- block-stream@0.0.9
41 silly currentTree +-- bluebird@3.5.1
41 silly currentTree +-- bn.js@4.11.8
41 silly currentTree +-- body-parser@1.18.2
41 silly currentTree | `-- qs@6.5.1
41 silly currentTree +-- boolbase@1.0.0
41 silly currentTree +-- boom@2.10.1
41 silly currentTree +-- bootstrap@3.3.7
41 silly currentTree +-- brace-expansion@1.1.8
41 silly currentTree | `-- balanced-match@1.0.0
41 silly currentTree +-- braces@1.8.5
41 silly currentTree +-- brfs@1.4.3
41 silly currentTree +-- brorand@1.1.0
41 silly currentTree +-- brotli@1.3.2
41 silly currentTree +-- browser-resolve@1.11.2
41 silly currentTree | `-- resolve@1.1.7
41 silly currentTree +-- browserify-aes@1.1.1
41 silly currentTree +-- browserify-cipher@1.0.0
41 silly currentTree +-- browserify-des@1.0.0
41 silly currentTree +-- browserify-optional@1.0.1
41 silly currentTree +-- browserify-rsa@4.0.1
41 silly currentTree +-- browserify-sign@4.0.4
41 silly currentTree +-- browserify-zlib@0.1.4
41 silly currentTree +-- browserslist@1.7.7
41 silly currentTree +-- buffer-equal@0.0.1
41 silly currentTree +-- buffer-xor@1.0.3
41 silly currentTree +-- buffer@4.9.1
41 silly currentTree +-- builtin-modules@1.1.1
41 silly currentTree +-- builtin-status-codes@3.0.0
41 silly currentTree +-- bytes@3.0.0
41 silly currentTree +-- camel-case@3.0.0
41 silly currentTree +-- camelcase-keys@2.1.0
41 silly currentTree +-- camelcase@2.1.1
41 silly currentTree +-- caniuse-api@1.6.1
41 silly currentTree +-- caniuse-db@1.0.30000760
41 silly currentTree +-- caseless@0.12.0
41 silly currentTree +-- center-align@0.1.3
41 silly currentTree | `-- lazy-cache@1.0.4
41 silly currentTree +-- chalk@1.1.3
41 silly currentTree | `-- supports-color@2.0.0
41 silly currentTree +-- chart.js@2.5.0
41 silly currentTree +-- chartjs-color-string@0.4.0
41 silly currentTree +-- chartjs-color@2.1.0
41 silly currentTree +-- chokidar@1.7.0
41 silly currentTree +-- cipher-base@1.0.4
41 silly currentTree +-- circular-dependency-plugin@3.0.0
41 silly currentTree +-- clap@1.2.3
41 silly currentTree +-- clean-css@4.1.9
41 silly currentTree +-- cli-cursor@2.1.0
41 silly currentTree +-- cli-width@2.2.0
41 silly currentTree +-- cliui@3.2.0
41 silly currentTree | +-- is-fullwidth-code-point@1.0.0
41 silly currentTree | `-- string-width@1.0.2
41 silly currentTree +-- clone-deep@0.3.0
41 silly currentTree +-- clone@1.0.2
41 silly currentTree +-- co@4.6.0
41 silly currentTree +-- coa@1.0.4
41 silly currentTree +-- code-point-at@1.1.0
41 silly currentTree +-- codelyzer@2.0.1
41 silly currentTree +-- color-convert@0.5.3
41 silly currentTree +-- color-name@1.1.3
41 silly currentTree +-- color-string@0.3.0
41 silly currentTree +-- color@0.11.4
41 silly currentTree | `-- color-convert@1.9.1
41 silly currentTree +-- colormin@1.1.2
41 silly currentTree +-- colors@1.1.2
41 silly currentTree +-- combined-stream@1.0.5
41 silly currentTree +-- commander@2.11.0
41 silly currentTree +-- common-tags@1.4.0
41 silly currentTree +-- compressible@2.0.12
41 silly currentTree +-- compression@1.7.1
41 silly currentTree +-- concat-map@0.0.1
41 silly currentTree +-- concat-stream@1.6.0
41 silly currentTree +-- connect-history-api-fallback@1.5.0
41 silly currentTree +-- console-browserify@1.1.0
41 silly currentTree +-- console-control-strings@1.1.0
41 silly currentTree +-- constants-browserify@1.0.0
41 silly currentTree +-- content-disposition@0.5.2
41 silly currentTree +-- content-type@1.0.4
41 silly currentTree +-- convert-source-map@1.5.0
41 silly currentTree +-- cookie-signature@1.0.6
41 silly currentTree +-- cookie@0.3.1
41 silly currentTree +-- core-js@2.4.1
41 silly currentTree +-- core-object@3.1.5
41 silly currentTree | +-- ansi-styles@3.2.0
41 silly currentTree | +-- chalk@2.3.0
41 silly currentTree | +-- color-convert@1.9.1
41 silly currentTree | +-- has-flag@2.0.0
41 silly currentTree | `-- supports-color@4.5.0
41 silly currentTree +-- core-util-is@1.0.2
41 silly currentTree +-- cosmiconfig@2.2.2
41 silly currentTree +-- create-ecdh@4.0.0
41 silly currentTree +-- create-hash@1.1.3
41 silly currentTree +-- create-hmac@1.1.6
41 silly currentTree +-- cross-spawn@3.0.1
41 silly currentTree +-- cryptiles@2.0.5
41 silly currentTree +-- crypto-browserify@3.12.0
41 silly currentTree +-- css-color-names@0.0.4
41 silly currentTree +-- css-loader@0.28.7
41 silly currentTree +-- css-parse@1.7.0
41 silly currentTree +-- css-select@1.2.0
41 silly currentTree +-- css-selector-tokenizer@0.7.0
41 silly currentTree +-- css-what@2.1.0
41 silly currentTree +-- cssauron@1.4.0
41 silly currentTree +-- cssesc@0.1.0
41 silly currentTree +-- cssnano@3.10.0
41 silly currentTree +-- csso@2.3.2
41 silly currentTree +-- currently-unhandled@0.4.1
41 silly currentTree +-- dashdash@1.14.1
41 silly currentTree | `-- assert-plus@1.0.0
41 silly currentTree +-- date-now@0.1.4
41 silly currentTree +-- debug@2.6.9
41 silly currentTree +-- decamelize@1.2.0
41 silly currentTree +-- deep-equal@1.0.1
41 silly currentTree +-- defined@1.0.0
41 silly currentTree +-- delayed-stream@1.0.0
41 silly currentTree +-- delegates@1.0.0
41 silly currentTree +-- denodeify@1.2.1
41 silly currentTree +-- depd@1.1.1
41 silly currentTree +-- des.js@1.0.0
41 silly currentTree +-- destroy@1.0.4
41 silly currentTree +-- detect-indent@4.0.0
41 silly currentTree +-- detect-node@2.0.3
41 silly currentTree +-- dfa@1.1.0
41 silly currentTree +-- diff@3.3.1
41 silly currentTree +-- diffie-hellman@5.0.2
41 silly currentTree +-- directory-encoder@0.7.2
41 silly currentTree | +-- fs-extra@0.23.1
41 silly currentTree | `-- jsonfile@2.4.0
41 silly currentTree +-- dom-converter@0.1.4
41 silly currentTree | `-- utila@0.3.3
41 silly currentTree +-- dom-serializer@0.1.0
41 silly currentTree | `-- domelementtype@1.1.3
41 silly currentTree +-- domain-browser@1.1.7
41 silly currentTree +-- domelementtype@1.3.0
41 silly currentTree +-- domhandler@2.1.0
41 silly currentTree +-- domutils@1.5.1
41 silly currentTree +-- duplexer2@0.0.2
41 silly currentTree | +-- isarray@0.0.1
41 silly currentTree | +-- readable-stream@1.1.14
41 silly currentTree | `-- string_decoder@0.10.31
41 silly currentTree +-- ecc-jsbn@0.1.1
41 silly currentTree +-- ee-first@1.1.1
41 silly currentTree +-- electron-to-chromium@1.3.27
41 silly currentTree +-- elliptic@6.4.0
41 silly currentTree +-- ember-cli-normalize-entity-name@1.0.0
41 silly currentTree +-- ember-cli-string-utils@1.1.0
41 silly currentTree +-- emojis-list@2.1.0
41 silly currentTree +-- encodeurl@1.0.1
41 silly currentTree +-- enhanced-resolve@3.4.1
41 silly currentTree +-- ensure-posix-path@1.0.2
41 silly currentTree +-- entities@1.1.1
41 silly currentTree +-- errno@0.1.4
41 silly currentTree +-- error-ex@1.3.1
41 silly currentTree +-- escape-html@1.0.3
41 silly currentTree +-- escape-string-regexp@1.0.5
41 silly currentTree +-- escodegen@1.3.3
41 silly currentTree | +-- esprima@1.1.1
41 silly currentTree | +-- esutils@1.0.0
41 silly currentTree | `-- source-map@0.1.43
41 silly currentTree +-- esprima@2.7.3
41 silly currentTree +-- estraverse@1.5.1
41 silly currentTree +-- esutils@2.0.2
41 silly currentTree +-- etag@1.8.1
41 silly currentTree +-- eventemitter3@1.2.0
41 silly currentTree +-- events@1.1.1
41 silly currentTree +-- eventsource@0.1.6
41 silly currentTree +-- evp_bytestokey@1.0.3
41 silly currentTree +-- expand-brackets@0.1.5
41 silly currentTree +-- expand-range@1.8.2
41 silly currentTree +-- exports-loader@0.6.4
41 silly currentTree +-- express@4.16.2
41 silly currentTree | `-- qs@6.5.1
41 silly currentTree +-- extend@3.0.1
41 silly currentTree +-- external-editor@2.0.5
41 silly currentTree +-- extglob@0.3.2
41 silly currentTree +-- extract-text-webpack-plugin@2.1.2
41 silly currentTree +-- extsprintf@1.3.0
41 silly currentTree +-- falafel@2.1.0
41 silly currentTree | +-- acorn@5.1.2
41 silly currentTree | `-- isarray@0.0.1
41 silly currentTree +-- fast-deep-equal@1.0.0
41 silly currentTree +-- fast-json-stable-stringify@2.0.0
41 silly currentTree +-- fastparse@1.1.1
41 silly currentTree +-- faye-websocket@0.10.0
41 silly currentTree +-- figures@2.0.0
41 silly currentTree +-- file-loader@0.10.1
41 silly currentTree +-- filename-regex@2.0.1
41 silly currentTree +-- fill-range@2.2.3
41 silly currentTree | `-- isobject@2.1.0
41 silly currentTree +-- finalhandler@1.1.0
41 silly currentTree +-- find-up@1.1.2
41 silly currentTree +-- flatten@1.0.2
41 silly currentTree +-- font-awesome@4.7.0
41 silly currentTree +-- fontkit@1.7.7
41 silly currentTree +-- for-in@1.0.2
41 silly currentTree +-- for-own@1.0.0
41 silly currentTree +-- foreach@2.0.5
41 silly currentTree +-- forever-agent@0.6.1
41 silly currentTree +-- form-data@2.1.4
41 silly currentTree +-- forwarded@0.1.2
41 silly currentTree +-- fresh@0.5.2
41 silly currentTree +-- fs-extra@4.0.2
41 silly currentTree +-- fs.realpath@1.0.0
41 silly currentTree +-- fstream@1.0.11
41 silly currentTree +-- function-bind@1.1.1
41 silly currentTree +-- gauge@2.7.4
41 silly currentTree | +-- is-fullwidth-code-point@1.0.0
41 silly currentTree | `-- string-width@1.0.2
41 silly currentTree +-- gaze@1.1.2
41 silly currentTree +-- get-caller-file@1.0.2
41 silly currentTree +-- get-stdin@4.0.1
41 silly currentTree +-- getpass@0.1.7
41 silly currentTree | `-- assert-plus@1.0.0
41 silly currentTree +-- glob-base@0.3.0
41 silly currentTree +-- glob-parent@2.0.0
41 silly currentTree +-- glob@7.1.2
41 silly currentTree +-- globals@9.18.0
41 silly currentTree +-- globule@1.2.0
41 silly currentTree +-- graceful-fs@4.1.11
41 silly currentTree +-- handle-thing@1.2.5
41 silly currentTree +-- handlebars@1.3.0
41 silly currentTree | +-- async@0.2.10
41 silly currentTree | +-- source-map@0.1.43
41 silly currentTree | `-- uglify-js@2.3.6
41 silly currentTree +-- har-schema@1.0.5
41 silly currentTree +-- har-validator@4.2.1
41 silly currentTree | `-- ajv@4.11.8
41 silly currentTree +-- has-ansi@2.0.0
41 silly currentTree +-- has-flag@1.0.0
41 silly currentTree +-- has-unicode@2.0.1
41 silly currentTree +-- has@1.0.1
41 silly currentTree +-- hash-base@2.0.2
41 silly currentTree +-- hash.js@1.1.3
41 silly currentTree +-- hawk@3.1.3
41 silly currentTree +-- he@1.1.1
41 silly currentTree +-- heimdalljs-logger@0.1.9
41 silly currentTree +-- heimdalljs@0.2.5
41 silly currentTree | `-- rsvp@3.2.1
41 silly currentTree +-- hmac-drbg@1.0.1
41 silly currentTree +-- hoek@2.16.3
41 silly currentTree +-- hosted-git-info@2.5.0
41 silly currentTree +-- hpack.js@2.1.6
41 silly currentTree +-- html-comment-regex@1.1.1
41 silly currentTree +-- html-entities@1.2.1
41 silly currentTree +-- html-minifier@3.5.6
41 silly currentTree +-- html-webpack-plugin@2.30.1
41 silly currentTree | `-- loader-utils@0.2.17
41 silly currentTree +-- htmlparser2@3.3.0
41 silly currentTree | +-- domutils@1.1.6
41 silly currentTree | +-- isarray@0.0.1
41 silly currentTree | +-- readable-stream@1.0.34
41 silly currentTree | `-- string_decoder@0.10.31
41 silly currentTree +-- http-deceiver@1.2.7
41 silly currentTree +-- http-errors@1.6.2
41 silly currentTree | `-- setprototypeof@1.0.3
41 silly currentTree +-- http-parser-js@0.4.9
41 silly currentTree +-- http-proxy-middleware@0.17.4
41 silly currentTree | +-- is-extglob@2.1.1
41 silly currentTree | `-- is-glob@3.1.0
41 silly currentTree +-- http-proxy@1.16.2
41 silly currentTree +-- http-signature@1.1.1
41 silly currentTree +-- https-browserify@0.0.1
41 silly currentTree +-- iconv-lite@0.4.19
41 silly currentTree +-- icss-replace-symbols@1.1.0
41 silly currentTree +-- icss-utils@2.1.0
41 silly currentTree | +-- ansi-styles@3.2.0
41 silly currentTree | +-- chalk@2.3.0
41 silly currentTree | +-- color-convert@1.9.1
41 silly currentTree | +-- has-flag@2.0.0
41 silly currentTree | +-- postcss@6.0.14
41 silly currentTree | +-- source-map@0.6.1
41 silly currentTree | `-- supports-color@4.5.0
41 silly currentTree +-- ieee754@1.1.8
41 silly currentTree +-- image-size@0.5.5
41 silly currentTree +-- img-stats@0.5.2
41 silly currentTree +-- in-publish@2.0.0
41 silly currentTree +-- indent-string@2.1.0
41 silly currentTree +-- indexes-of@1.0.1
41 silly currentTree +-- indexof@0.0.1
41 silly currentTree +-- inflection@1.12.0
41 silly currentTree +-- inflight@1.0.6
41 silly currentTree +-- inherits@2.0.3
41 silly currentTree +-- inquirer@3.3.0
41 silly currentTree | +-- ansi-regex@3.0.0
41 silly currentTree | +-- ansi-styles@3.2.0
41 silly currentTree | +-- chalk@2.3.0
41 silly currentTree | +-- color-convert@1.9.1
41 silly currentTree | +-- has-flag@2.0.0
41 silly currentTree | +-- strip-ansi@4.0.0
41 silly currentTree | `-- supports-color@4.5.0
41 silly currentTree +-- interpret@1.0.4
41 silly currentTree +-- invariant@2.2.2
41 silly currentTree +-- invert-kv@1.0.0
41 silly currentTree +-- ipaddr.js@1.5.2
41 silly currentTree +-- is-absolute-url@2.1.0
41 silly currentTree +-- is-arrayish@0.2.1
41 silly currentTree +-- is-binary-path@1.0.1
41 silly currentTree +-- is-buffer@1.1.6
41 silly currentTree +-- is-builtin-module@1.0.0
41 silly currentTree +-- is-directory@0.3.1
41 silly currentTree +-- is-dotfile@1.0.3
41 silly currentTree +-- is-equal-shallow@0.1.3
41 silly currentTree +-- is-extendable@0.1.1
41 silly currentTree +-- is-extglob@1.0.0
41 silly currentTree +-- is-finite@1.0.2
41 silly currentTree +-- is-fullwidth-code-point@2.0.0
41 silly currentTree +-- is-glob@2.0.1
41 silly currentTree +-- is-number@2.1.0
41 silly currentTree +-- is-plain-obj@1.1.0
41 silly currentTree +-- is-plain-object@2.0.4
41 silly currentTree +-- is-posix-bracket@0.1.1
41 silly currentTree +-- is-primitive@2.0.0
41 silly currentTree +-- is-promise@2.1.0
41 silly currentTree +-- is-svg@2.1.0
41 silly currentTree +-- is-typedarray@1.0.0
41 silly currentTree +-- is-utf8@0.2.1
41 silly currentTree +-- is-wsl@1.1.0
41 silly currentTree +-- isarray@1.0.0
41 silly currentTree +-- isbinaryfile@3.0.2
41 silly currentTree +-- isexe@2.0.0
41 silly currentTree +-- isobject@3.0.1
41 silly currentTree +-- isstream@0.1.2
41 silly currentTree +-- istanbul-instrumenter-loader@2.0.0
41 silly currentTree | `-- loader-utils@0.2.17
41 silly currentTree +-- istanbul-lib-coverage@1.1.1
41 silly currentTree +-- istanbul-lib-instrument@1.9.1
41 silly currentTree +-- jasmine-core@2.5.2
41 silly currentTree +-- jasmine-spec-reporter@3.2.0
41 silly currentTree +-- jquery-slimscroll@1.3.8
41 silly currentTree +-- jquery-sparkline@2.4.0
41 silly currentTree +-- jquery@3.1.0
41 silly currentTree +-- js-base64@2.3.2
41 silly currentTree +-- js-tokens@3.0.2
41 silly currentTree +-- js-yaml@3.7.0
41 silly currentTree +-- jsbn@0.1.1
41 silly currentTree +-- jschardet@1.6.0
41 silly currentTree +-- jsesc@0.5.0
41 silly currentTree +-- json-loader@0.5.7
41 silly currentTree +-- json-schema-traverse@0.3.1
41 silly currentTree +-- json-schema@0.2.3
41 silly currentTree +-- json-stable-stringify@1.0.1
41 silly currentTree +-- json-stringify-safe@5.0.1
41 silly currentTree +-- json3@3.3.2
41 silly currentTree +-- json5@0.5.1
41 silly currentTree +-- jsonfile@4.0.0
41 silly currentTree +-- jsonify@0.0.0
41 silly currentTree +-- jsprim@1.4.1
41 silly currentTree | `-- assert-plus@1.0.0
41 silly currentTree +-- jvectormap@1.2.2
41 silly currentTree +-- karma-source-map-support@1.2.0
41 silly currentTree +-- kind-of@3.2.2
41 silly currentTree +-- ladda@1.0.4
41 silly currentTree +-- lazy-cache@0.2.7
41 silly currentTree +-- lcid@1.0.0
41 silly currentTree +-- less-loader@4.0.5
41 silly currentTree | `-- clone@2.1.1
41 silly currentTree +-- less@2.7.3
41 silly currentTree +-- license-webpack-plugin@0.4.3
41 silly currentTree +-- linebreak@0.3.0
41 silly currentTree | `-- base64-js@0.0.8
41 silly currentTree +-- load-json-file@1.1.0
41 silly currentTree +-- loader-runner@2.3.0
41 silly currentTree +-- loader-utils@1.1.0
41 silly currentTree +-- lodash.assign@4.2.0
41 silly currentTree +-- lodash.camelcase@4.3.0
41 silly currentTree +-- lodash.clonedeep@4.5.0
41 silly currentTree +-- lodash.memoize@4.1.2
41 silly currentTree +-- lodash.mergewith@4.6.0
41 silly currentTree +-- lodash.tail@4.1.1
41 silly currentTree +-- lodash.uniq@4.5.0
41 silly currentTree +-- lodash@4.17.4
41 silly currentTree +-- longest@1.0.1
41 silly currentTree +-- loose-envify@1.3.1
41 silly currentTree +-- loud-rejection@1.6.0
41 silly currentTree +-- lower-case@1.1.4
41 silly currentTree +-- lru-cache@4.1.1
41 silly currentTree +-- macaddress@0.2.8
41 silly currentTree +-- magic-string@0.22.4
41 silly currentTree +-- make-error@1.3.0
41 silly currentTree +-- map-obj@1.0.1
41 silly currentTree +-- matcher-collection@1.0.5
41 silly currentTree +-- math-expression-evaluator@1.2.17
41 silly currentTree +-- md5.js@1.3.4
41 silly currentTree | `-- hash-base@3.0.4
41 silly currentTree +-- media-typer@0.3.0
41 silly currentTree +-- memory-fs@0.4.1
41 silly currentTree +-- meow@3.7.0
41 silly currentTree +-- merge-descriptors@1.0.1
41 silly currentTree +-- methods@1.1.2
41 silly currentTree +-- metismenu@2.5.0
41 silly currentTree +-- micromatch@2.3.11
41 silly currentTree +-- miller-rabin@4.0.1
41 silly currentTree +-- mime-db@1.30.0
41 silly currentTree +-- mime-types@2.1.17
41 silly currentTree +-- mime@1.4.1
41 silly currentTree +-- mimic-fn@1.1.0
41 silly currentTree +-- minimalistic-assert@1.0.0
41 silly currentTree +-- minimalistic-crypto-utils@1.0.1
41 silly currentTree +-- minimatch@3.0.4
41 silly currentTree +-- minimist@1.2.0
41 silly currentTree +-- mixin-object@2.0.1
41 silly currentTree | `-- for-in@0.1.8
41 silly currentTree +-- mkdirp@0.5.1
41 silly currentTree | `-- minimist@0.0.8
41 silly currentTree +-- moment@2.18.1
41 silly currentTree +-- ms@2.0.0
41 silly currentTree +-- mute-stream@0.0.7
41 silly currentTree +-- nan@2.7.0
41 silly currentTree +-- ncname@1.0.0
41 silly currentTree +-- negotiator@0.6.1
41 silly currentTree +-- ng2-charts@1.5.0
41 silly currentTree +-- ngx-bootstrap@1.6.6
41 silly currentTree +-- ngx-mydatepicker@2.3.0
41 silly currentTree +-- no-case@2.3.2
41 silly currentTree +-- node-gyp@3.6.2
41 silly currentTree | +-- nopt@3.0.6
41 silly currentTree | `-- semver@5.3.0
41 silly currentTree +-- node-libs-browser@2.0.0
41 silly currentTree | `-- string_decoder@0.10.31
41 silly currentTree +-- node-modules-path@1.0.1
41 silly currentTree +-- node-sass@4.6.1
41 silly currentTree +-- nopt@4.0.1
41 silly currentTree +-- normalize-package-data@2.4.0
41 silly currentTree +-- normalize-path@2.1.1
41 silly currentTree +-- normalize-range@0.1.2
41 silly currentTree +-- normalize-url@1.9.1
41 silly currentTree +-- npmlog@4.1.2
41 silly currentTree +-- nth-check@1.0.1
41 silly currentTree +-- num2fraction@1.2.2
41 silly currentTree +-- number-is-nan@1.0.1
41 silly currentTree +-- oauth-sign@0.8.2
41 silly currentTree +-- object-assign@4.1.1
41 silly currentTree +-- object-inspect@0.4.0
41 silly currentTree +-- object-keys@1.0.11
41 silly currentTree +-- object.omit@2.0.1
41 silly currentTree | `-- for-own@0.1.5
41 silly currentTree +-- obuf@1.1.1
41 silly currentTree +-- on-finished@2.3.0
41 silly currentTree +-- on-headers@1.0.1
41 silly currentTree +-- once@1.4.0
41 silly currentTree +-- onetime@2.0.1
41 silly currentTree +-- opn@5.1.0
41 silly currentTree +-- optimist@0.3.7
41 silly currentTree +-- original@1.0.0
41 silly currentTree | `-- url-parse@1.0.5
41 silly currentTree +-- os-browserify@0.2.1
41 silly currentTree +-- os-homedir@1.0.2
41 silly currentTree +-- os-locale@1.4.0
41 silly currentTree +-- os-tmpdir@1.0.2
41 silly currentTree +-- osenv@0.1.4
41 silly currentTree +-- pako@0.2.9
41 silly currentTree +-- param-case@2.1.1
41 silly currentTree +-- parse-asn1@5.1.0
41 silly currentTree +-- parse-glob@3.0.4
41 silly currentTree +-- parse-json@2.2.0
41 silly currentTree +-- parse5@3.0.2
41 silly currentTree +-- parseurl@1.3.2
41 silly currentTree +-- path-browserify@0.0.0
41 silly currentTree +-- path-exists@2.1.0
41 silly currentTree +-- path-is-absolute@1.0.1
41 silly currentTree +-- path-parse@1.0.5
41 silly currentTree +-- path-to-regexp@0.1.7
41 silly currentTree +-- path-type@1.1.0
41 silly currentTree +-- pbkdf2@3.0.14
41 silly currentTree +-- pdfkit@0.8.3
41 silly currentTree +-- pdfmake@0.1.28
41 silly currentTree +-- peity@3.2.1
41 silly currentTree +-- performance-now@0.2.0
41 silly currentTree +-- pify@2.3.0
41 silly currentTree +-- pinkie-promise@2.0.1
41 silly currentTree +-- pinkie@2.0.4
41 silly currentTree +-- png-js@0.1.1
41 silly currentTree +-- portfinder@1.0.13
41 silly currentTree | `-- async@1.5.2
41 silly currentTree +-- postcss-calc@5.3.1
41 silly currentTree +-- postcss-colormin@2.2.2
41 silly currentTree +-- postcss-convert-values@2.6.1
41 silly currentTree +-- postcss-discard-comments@2.0.4
41 silly currentTree +-- postcss-discard-duplicates@2.1.0
41 silly currentTree +-- postcss-discard-empty@2.1.0
41 silly currentTree +-- postcss-discard-overridden@0.1.1
41 silly currentTree +-- postcss-discard-unused@2.2.3
41 silly currentTree +-- postcss-filter-plugins@2.0.2
41 silly currentTree +-- postcss-load-config@1.2.0
41 silly currentTree +-- postcss-load-options@1.2.0
41 silly currentTree +-- postcss-load-plugins@2.3.0
41 silly currentTree +-- postcss-loader@1.3.3
41 silly currentTree +-- postcss-merge-idents@2.1.7
41 silly currentTree +-- postcss-merge-longhand@2.0.2
41 silly currentTree +-- postcss-merge-rules@2.1.2
41 silly currentTree +-- postcss-message-helpers@2.0.0
41 silly currentTree +-- postcss-minify-font-values@1.0.5
41 silly currentTree +-- postcss-minify-gradients@1.0.5
41 silly currentTree +-- postcss-minify-params@1.2.2
41 silly currentTree +-- postcss-minify-selectors@2.1.1
41 silly currentTree +-- postcss-modules-extract-imports@1.1.0
41 silly currentTree | +-- ansi-styles@3.2.0
41 silly currentTree | +-- chalk@2.3.0
41 silly currentTree | +-- color-convert@1.9.1
41 silly currentTree | +-- has-flag@2.0.0
41 silly currentTree | +-- postcss@6.0.14
41 silly currentTree | +-- source-map@0.6.1
41 silly currentTree | `-- supports-color@4.5.0
41 silly currentTree +-- postcss-modules-local-by-default@1.2.0
41 silly currentTree | +-- ansi-styles@3.2.0
41 silly currentTree | +-- chalk@2.3.0
41 silly currentTree | +-- color-convert@1.9.1
41 silly currentTree | +-- has-flag@2.0.0
41 silly currentTree | +-- postcss@6.0.14
41 silly currentTree | +-- source-map@0.6.1
41 silly currentTree | `-- supports-color@4.5.0
41 silly currentTree +-- postcss-modules-scope@1.1.0
41 silly currentTree | +-- ansi-styles@3.2.0
41 silly currentTree | +-- chalk@2.3.0
41 silly currentTree | +-- color-convert@1.9.1
41 silly currentTree | +-- has-flag@2.0.0
41 silly currentTree | +-- postcss@6.0.14
41 silly currentTree | +-- source-map@0.6.1
41 silly currentTree | `-- supports-color@4.5.0
41 silly currentTree +-- postcss-modules-values@1.3.0
41 silly currentTree | +-- ansi-styles@3.2.0
41 silly currentTree | +-- chalk@2.3.0
41 silly currentTree | +-- color-convert@1.9.1
41 silly currentTree | +-- has-flag@2.0.0
41 silly currentTree | +-- postcss@6.0.14
41 silly currentTree | +-- source-map@0.6.1
41 silly currentTree | `-- supports-color@4.5.0
41 silly currentTree +-- postcss-normalize-charset@1.1.1
41 silly currentTree +-- postcss-normalize-url@3.0.8
41 silly currentTree +-- postcss-ordered-values@2.2.3
41 silly currentTree +-- postcss-reduce-idents@2.4.0
41 silly currentTree +-- postcss-reduce-initial@1.0.1
41 silly currentTree +-- postcss-reduce-transforms@1.0.4
41 silly currentTree +-- postcss-selector-parser@2.2.3
41 silly currentTree +-- postcss-svgo@2.1.6
41 silly currentTree +-- postcss-unique-selectors@2.0.2
41 silly currentTree +-- postcss-url@5.1.2
41 silly currentTree +-- postcss-value-parser@3.3.0
41 silly currentTree +-- postcss-zindex@2.2.0
41 silly currentTree +-- postcss@5.2.18
41 silly currentTree +-- prepend-http@1.0.4
41 silly currentTree +-- preserve@0.2.0
41 silly currentTree +-- pretty-error@2.1.1
41 silly currentTree +-- process-nextick-args@1.0.7
41 silly currentTree +-- process@0.11.10
41 silly currentTree +-- promise@7.3.1
41 silly currentTree +-- proxy-addr@2.0.2
41 silly currentTree +-- prr@0.0.0
41 silly currentTree +-- pseudomap@1.0.2
41 silly currentTree +-- public-encrypt@4.0.0
41 silly currentTree +-- punycode@1.4.1
41 silly currentTree +-- q@1.5.1
41 silly currentTree +-- qs@6.4.0
41 silly currentTree +-- query-string@4.3.4
41 silly currentTree +-- querystring-es3@0.2.1
41 silly currentTree +-- querystring@0.2.0
41 silly currentTree +-- querystringify@0.0.4
41 silly currentTree +-- quote-stream@1.0.2
41 silly currentTree +-- randomatic@1.1.7
41 silly currentTree | +-- is-number@3.0.0
41 silly currentTree | | `-- kind-of@3.2.2
41 silly currentTree | `-- kind-of@4.0.0
41 silly currentTree +-- randombytes@2.0.5
41 silly currentTree +-- randomfill@1.0.3
41 silly currentTree +-- range-parser@1.2.0
41 silly currentTree +-- raw-body@2.3.2
41 silly currentTree +-- raw-loader@0.5.1
41 silly currentTree +-- read-pkg-up@1.0.1
41 silly currentTree +-- read-pkg@1.1.0
41 silly currentTree +-- readable-stream@2.3.3
41 silly currentTree +-- readdirp@2.1.0
41 silly currentTree +-- redent@1.0.0
41 silly currentTree +-- reduce-css-calc@1.3.0
41 silly currentTree +-- reduce-function-call@1.0.2
41 silly currentTree +-- reflect-metadata@0.1.10
41 silly currentTree +-- regenerate@1.3.2
41 silly currentTree +-- regenerator-runtime@0.11.0
41 silly currentTree +-- regex-cache@0.4.4
41 silly currentTree +-- regexpu-core@1.0.0
41 silly currentTree +-- regjsgen@0.2.0
41 silly currentTree +-- regjsparser@0.1.5
41 silly currentTree +-- relateurl@0.2.7
41 silly currentTree +-- remove-trailing-separator@1.1.0
41 silly currentTree +-- renderkid@2.0.1
41 silly currentTree | `-- utila@0.3.3
41 silly currentTree +-- repeat-element@1.1.2
41 silly currentTree +-- repeat-string@1.6.1
41 silly currentTree +-- repeating@2.0.1
41 silly currentTree +-- request@2.81.0
41 silly currentTree +-- require-directory@2.1.1
41 silly currentTree +-- require-from-string@1.2.1
41 silly currentTree +-- require-main-filename@1.0.1
41 silly currentTree +-- requires-port@1.0.0
41 silly currentTree +-- resolve@1.4.0
41 silly currentTree +-- restore-cursor@2.0.0
41 silly currentTree +-- restructure@0.5.4
41 silly currentTree +-- right-align@0.1.3
41 silly currentTree +-- rimraf@2.6.2
41 silly currentTree +-- ripemd160@2.0.1
41 silly currentTree +-- rsvp@3.6.2
41 silly currentTree +-- run-async@2.3.0
41 silly currentTree +-- rx-lite-aggregates@4.0.8
41 silly currentTree +-- rx-lite@4.0.8
41 silly currentTree +-- rxjs@5.1.0
41 silly currentTree +-- safe-buffer@5.1.1
41 silly currentTree +-- sass-graph@2.2.4
41 silly currentTree +-- sass-loader@6.0.6
41 silly currentTree | `-- pify@3.0.0
41 silly currentTree +-- sax@1.2.4
41 silly currentTree +-- schema-utils@0.3.0
41 silly currentTree +-- script-loader@0.7.2
41 silly currentTree +-- scss-tokenizer@0.2.3
41 silly currentTree | `-- source-map@0.4.4
41 silly currentTree +-- select-hose@2.0.0
41 silly currentTree +-- semver-dsl@1.0.1
41 silly currentTree +-- semver@5.4.1
41 silly currentTree +-- send@0.16.1
41 silly currentTree +-- serve-index@1.9.1
41 silly currentTree +-- serve-static@1.13.1
41 silly currentTree +-- set-blocking@2.0.0
41 silly currentTree +-- set-immediate-shim@1.0.1
41 silly currentTree +-- setimmediate@1.0.5
41 silly currentTree +-- setprototypeof@1.1.0
41 silly currentTree +-- sha.js@2.4.9
41 silly currentTree +-- shallow-clone@0.1.2
41 silly currentTree | `-- kind-of@2.0.1
41 silly currentTree +-- shallow-copy@0.0.1
41 silly currentTree +-- signal-exit@3.0.2
41 silly currentTree +-- silent-error@1.1.0
41 silly currentTree +-- sntp@1.0.9
41 silly currentTree +-- sockjs-client@1.1.2
41 silly currentTree | `-- faye-websocket@0.11.1
41 silly currentTree +-- sockjs@0.3.18
41 silly currentTree | `-- uuid@2.0.3
41 silly currentTree +-- sort-keys@1.1.2
41 silly currentTree +-- source-list-map@2.0.0
41 silly currentTree +-- source-map-loader@0.2.3
41 silly currentTree | +-- loader-utils@0.2.17
41 silly currentTree | `-- source-map@0.6.1
41 silly currentTree +-- source-map-support@0.4.17
41 silly currentTree +-- source-map@0.5.7
41 silly currentTree +-- spdx-correct@1.0.2
41 silly currentTree +-- spdx-expression-parse@1.0.4
41 silly currentTree +-- spdx-license-ids@1.2.2
41 silly currentTree +-- spdy-transport@2.0.20
41 silly currentTree +-- spdy@3.4.7
41 silly currentTree +-- spin.js@2.3.2
41 silly currentTree +-- sprintf-js@1.0.3
41 silly currentTree +-- sshpk@1.13.1
41 silly currentTree | `-- assert-plus@1.0.0
41 silly currentTree +-- static-eval@0.2.4
41 silly currentTree | +-- escodegen@0.0.28
41 silly currentTree | +-- esprima@1.0.4
41 silly currentTree | `-- estraverse@1.3.2
41 silly currentTree +-- static-module@1.5.0
41 silly currentTree | +-- isarray@0.0.1
41 silly currentTree | +-- minimist@0.0.8
41 silly currentTree | +-- object-keys@0.4.0
41 silly currentTree | +-- quote-stream@0.0.0
41 silly currentTree | +-- readable-stream@1.0.34
41 silly currentTree | +-- string_decoder@0.10.31
41 silly currentTree | +-- through2@0.4.2
41 silly currentTree | `-- xtend@2.1.2
41 silly currentTree +-- statuses@1.3.1
41 silly currentTree +-- stdout-stream@1.4.0
41 silly currentTree +-- stream-browserify@2.0.1
41 silly currentTree +-- stream-http@2.7.2
41 silly currentTree +-- strict-uri-encode@1.1.0
41 silly currentTree +-- string_decoder@1.0.3
41 silly currentTree +-- string-width@2.1.1
41 silly currentTree | +-- ansi-regex@3.0.0
41 silly currentTree | `-- strip-ansi@4.0.0
41 silly currentTree +-- stringstream@0.0.5
41 silly currentTree +-- strip-ansi@3.0.1
41 silly currentTree +-- strip-bom@2.0.0
41 silly currentTree +-- strip-indent@1.0.1
41 silly currentTree +-- strip-json-comments@2.0.1
41 silly currentTree +-- style-loader@0.13.2
41 silly currentTree +-- stylus-loader@3.0.1
41 silly currentTree +-- stylus@0.54.5
41 silly currentTree | +-- glob@7.0.6
41 silly currentTree | +-- sax@0.5.8
41 silly currentTree | `-- source-map@0.1.43
41 silly currentTree +-- supports-color@3.2.3
41 silly currentTree +-- svgo@0.7.2
41 silly currentTree +-- sweetalert2@6.6.2
41 silly currentTree +-- symbol-observable@1.0.4
41 silly currentTree +-- tapable@0.2.8
41 silly currentTree +-- tar@2.2.1
41 silly currentTree +-- temp@0.8.3
41 silly currentTree | `-- rimraf@2.2.8
41 silly currentTree +-- text-mask-addons@3.7.1
41 silly currentTree +-- text-mask-core@5.0.1
41 silly currentTree +-- through@2.3.8
41 silly currentTree +-- through2@2.0.3
41 silly currentTree +-- time-stamp@2.0.0
41 silly currentTree +-- timers-browserify@2.0.4
41 silly currentTree +-- tiny-inflate@1.0.2
41 silly currentTree +-- tmp@0.0.33
41 silly currentTree +-- to-arraybuffer@1.0.1
41 silly currentTree +-- to-fast-properties@1.0.3
41 silly currentTree +-- toposort@1.0.6
41 silly currentTree +-- tough-cookie@2.3.3
41 silly currentTree +-- trim-newlines@1.0.0
41 silly currentTree +-- trim-right@1.0.1
41 silly currentTree +-- ts-node@2.0.0
41 silly currentTree +-- tsconfig@5.0.3
41 silly currentTree +-- tsickle@0.21.6
41 silly currentTree +-- tty-browserify@0.0.0
41 silly currentTree +-- tunnel-agent@0.6.0
41 silly currentTree +-- tweetnacl@0.14.5
41 silly currentTree +-- type-is@1.6.15
41 silly currentTree +-- typedarray@0.0.6
41 silly currentTree +-- typescript@2.1.6
41 silly currentTree +-- uglify-js@3.1.9
41 silly currentTree | `-- source-map@0.6.1
41 silly currentTree +-- uglify-to-browserify@1.0.2
41 silly currentTree +-- unicode-properties@1.1.0
41 silly currentTree +-- unicode-trie@0.3.1
41 silly currentTree +-- uniq@1.0.1
41 silly currentTree +-- uniqid@4.1.1
41 silly currentTree +-- uniqs@2.0.0
41 silly currentTree +-- universalify@0.1.1
41 silly currentTree +-- unpipe@1.0.0
41 silly currentTree +-- upper-case@1.1.3
41 silly currentTree +-- url-loader@0.5.9
41 silly currentTree | `-- mime@1.3.6
41 silly currentTree +-- url-parse@1.2.0
41 silly currentTree | `-- querystringify@1.0.0
41 silly currentTree +-- url@0.11.0
41 silly currentTree | `-- punycode@1.3.2
41 silly currentTree +-- user-home@1.1.1
41 silly currentTree +-- util-deprecate@1.0.2
41 silly currentTree +-- util@0.10.3
41 silly currentTree | `-- inherits@2.0.1
41 silly currentTree +-- utila@0.4.0
41 silly currentTree +-- utils-merge@1.0.1
41 silly currentTree +-- uuid@3.1.0
41 silly currentTree +-- v8flags@2.1.1
41 silly currentTree +-- validate-npm-package-license@3.0.1
41 silly currentTree +-- vary@1.1.2
41 silly currentTree +-- vendors@1.0.1
41 silly currentTree +-- verror@1.10.0
41 silly currentTree | `-- assert-plus@1.0.0
41 silly currentTree +-- vlq@0.2.3
41 silly currentTree +-- vm-browserify@0.0.4
41 silly currentTree +-- walk-sync@0.3.2
41 silly currentTree +-- watchpack@1.4.0
41 silly currentTree +-- wbuf@1.7.2
41 silly currentTree +-- webpack-dev-middleware@1.12.0
41 silly currentTree +-- webpack-dev-server@2.4.5
41 silly currentTree | +-- camelcase@3.0.0
41 silly currentTree | +-- is-fullwidth-code-point@1.0.0
41 silly currentTree | +-- opn@4.0.2
41 silly currentTree | +-- string-width@1.0.2
41 silly currentTree | +-- yargs-parser@4.2.1
41 silly currentTree | `-- yargs@6.6.0
41 silly currentTree +-- webpack-merge@2.6.1
41 silly currentTree +-- webpack-sources@1.0.2
41 silly currentTree | `-- source-map@0.6.1
41 silly currentTree +-- webpack@2.4.1
41 silly currentTree | +-- ajv@4.11.8
41 silly currentTree | +-- camelcase@1.2.1
41 silly currentTree | +-- cliui@2.1.0
41 silly currentTree | +-- is-fullwidth-code-point@1.0.0
41 silly currentTree | +-- loader-utils@0.2.17
41 silly currentTree | +-- source-list-map@1.1.2
41 silly currentTree | +-- string-width@1.0.2
41 silly currentTree | +-- uglify-js@2.8.29
41 silly currentTree | | `-- yargs@3.10.0
41 silly currentTree | +-- webpack-sources@0.2.3
41 silly currentTree | +-- wordwrap@0.0.2
41 silly currentTree | +-- yargs-parser@4.2.1
41 silly currentTree | | `-- camelcase@3.0.0
41 silly currentTree | `-- yargs@6.6.0
41 silly currentTree |   +-- camelcase@3.0.0
41 silly currentTree |   `-- cliui@3.2.0
41 silly currentTree +-- websocket-driver@0.7.0
41 silly currentTree +-- websocket-extensions@0.1.3
41 silly currentTree +-- when@3.6.4
41 silly currentTree +-- whet.extend@0.9.9
41 silly currentTree +-- which-module@1.0.0
41 silly currentTree +-- which@1.3.0
41 silly currentTree +-- wide-align@1.1.2
41 silly currentTree | +-- is-fullwidth-code-point@1.0.0
41 silly currentTree | `-- string-width@1.0.2
41 silly currentTree +-- window-size@0.1.0
41 silly currentTree +-- wordwrap@0.0.3
41 silly currentTree +-- wrap-ansi@2.1.0
41 silly currentTree | +-- is-fullwidth-code-point@1.0.0
41 silly currentTree | `-- string-width@1.0.2
41 silly currentTree +-- wrappy@1.0.2
41 silly currentTree +-- xhr2@0.1.4
41 silly currentTree +-- xml-char-classes@1.0.0
41 silly currentTree +-- xmldom@0.1.27
41 silly currentTree +-- xtend@4.0.1
41 silly currentTree +-- y18n@3.2.1
41 silly currentTree +-- yallist@2.1.2
41 silly currentTree +-- yargs-parser@5.0.0
41 silly currentTree | `-- camelcase@3.0.0
41 silly currentTree +-- yargs@7.1.0
41 silly currentTree | +-- camelcase@3.0.0
41 silly currentTree | +-- is-fullwidth-code-point@1.0.0
41 silly currentTree | `-- string-width@1.0.2
41 silly currentTree +-- yn@1.3.0
41 silly currentTree `-- zone.js@0.8.4
42 silly idealTree proyecto-analisis-frontend@1.0.0
42 silly idealTree +-- @angular/animations@4.0.1
42 silly idealTree +-- @angular/cli@1.2.6
42 silly idealTree | +-- ansi-styles@3.2.0
42 silly idealTree | +-- chalk@2.3.0
42 silly idealTree | +-- color-convert@1.9.1
42 silly idealTree | +-- has-flag@2.0.0
42 silly idealTree | +-- supports-color@4.5.0
42 silly idealTree | `-- zone.js@0.8.18
42 silly idealTree +-- @angular/common@4.0.1
42 silly idealTree +-- @angular/compiler-cli@4.0.1
42 silly idealTree +-- @angular/compiler@4.0.1
42 silly idealTree +-- @angular/core@4.0.1
42 silly idealTree +-- @angular/forms@4.0.1
42 silly idealTree +-- @angular/http@4.0.1
42 silly idealTree +-- @angular/platform-browser-dynamic@4.0.1
42 silly idealTree +-- @angular/platform-browser@4.0.1
42 silly idealTree +-- @angular/platform-server@4.0.1
42 silly idealTree +-- @angular/router@4.0.1
42 silly idealTree +-- @angular/tsc-wrapped@4.0.1
42 silly idealTree +-- @ngtools/json-schema@1.1.0
42 silly idealTree +-- @ngtools/webpack@1.5.5
42 silly idealTree +-- @types/jasmine@2.5.38
42 silly idealTree +-- @types/jspdf@1.1.31
42 silly idealTree +-- @types/node@6.0.88
42 silly idealTree +-- abbrev@1.1.1
42 silly idealTree +-- accepts@1.3.4
42 silly idealTree +-- acorn-dynamic-import@2.0.2
42 silly idealTree | `-- acorn@4.0.13
42 silly idealTree +-- acorn@5.2.1
42 silly idealTree +-- ajv-keywords@1.5.1
42 silly idealTree +-- ajv@5.3.0
42 silly idealTree +-- align-text@0.1.4
42 silly idealTree +-- alphanum-sort@1.0.2
42 silly idealTree +-- amdefine@1.0.1
42 silly idealTree +-- angular2-ladda@1.2.1
42 silly idealTree +-- angular2-text-mask@8.0.4
42 silly idealTree +-- animate.css@3.1.1
42 silly idealTree +-- ansi-escapes@3.0.0
42 silly idealTree +-- ansi-html@0.0.7
42 silly idealTree +-- ansi-regex@2.1.1
42 silly idealTree +-- ansi-styles@2.2.1
42 silly idealTree +-- any-promise@1.3.0
42 silly idealTree +-- anymatch@1.3.2
42 silly idealTree +-- app-root-path@2.0.1
42 silly idealTree +-- aproba@1.2.0
42 silly idealTree +-- are-we-there-yet@1.1.4
42 silly idealTree +-- argparse@1.0.9
42 silly idealTree +-- arr-diff@2.0.0
42 silly idealTree +-- arr-flatten@1.1.0
42 silly idealTree +-- array-find-index@1.0.2
42 silly idealTree +-- array-flatten@1.1.1
42 silly idealTree +-- array-unique@0.2.1
42 silly idealTree +-- arrify@1.0.1
42 silly idealTree +-- asap@2.0.6
42 silly idealTree +-- asn1.js@4.9.2
42 silly idealTree +-- asn1@0.2.3
42 silly idealTree +-- assert-plus@0.2.0
42 silly idealTree +-- assert@1.4.1
42 silly idealTree +-- ast-transform@0.0.0
42 silly idealTree | +-- escodegen@1.2.0
42 silly idealTree | +-- esprima@1.0.4
42 silly idealTree | +-- esutils@1.0.0
42 silly idealTree | `-- source-map@0.1.43
42 silly idealTree +-- ast-types@0.7.8
42 silly idealTree +-- async-each@1.0.1
42 silly idealTree +-- async-foreach@0.1.3
42 silly idealTree +-- async@2.6.0
42 silly idealTree +-- asynckit@0.4.0
42 silly idealTree +-- autoprefixer@6.7.7
42 silly idealTree +-- aws-sign2@0.6.0
42 silly idealTree +-- aws4@1.6.0
42 silly idealTree +-- babel-code-frame@6.26.0
42 silly idealTree +-- babel-generator@6.26.0
42 silly idealTree | `-- jsesc@1.3.0
42 silly idealTree +-- babel-messages@6.23.0
42 silly idealTree +-- babel-runtime@6.26.0
42 silly idealTree +-- babel-template@6.26.0
42 silly idealTree +-- babel-traverse@6.26.0
42 silly idealTree +-- babel-types@6.26.0
42 silly idealTree +-- babylon@6.18.0
42 silly idealTree +-- balanced-match@0.4.2
42 silly idealTree +-- base64-js@1.2.1
42 silly idealTree +-- batch@0.6.1
42 silly idealTree +-- bcrypt-pbkdf@1.0.1
42 silly idealTree +-- big.js@3.2.0
42 silly idealTree +-- binary-extensions@1.10.0
42 silly idealTree +-- block-stream@0.0.9
42 silly idealTree +-- bluebird@3.5.1
42 silly idealTree +-- bn.js@4.11.8
42 silly idealTree +-- body-parser@1.18.2
42 silly idealTree | `-- qs@6.5.1
42 silly idealTree +-- boolbase@1.0.0
42 silly idealTree +-- boom@2.10.1
42 silly idealTree +-- bootstrap@3.3.7
42 silly idealTree +-- brace-expansion@1.1.8
42 silly idealTree | `-- balanced-match@1.0.0
42 silly idealTree +-- braces@1.8.5
42 silly idealTree +-- brfs@1.4.3
42 silly idealTree +-- brorand@1.1.0
42 silly idealTree +-- brotli@1.3.2
42 silly idealTree +-- browser-resolve@1.11.2
42 silly idealTree | `-- resolve@1.1.7
42 silly idealTree +-- browserify-aes@1.1.1
42 silly idealTree +-- browserify-cipher@1.0.0
42 silly idealTree +-- browserify-des@1.0.0
42 silly idealTree +-- browserify-optional@1.0.1
42 silly idealTree +-- browserify-rsa@4.0.1
42 silly idealTree +-- browserify-sign@4.0.4
42 silly idealTree +-- browserify-zlib@0.1.4
42 silly idealTree +-- browserslist@1.7.7
42 silly idealTree +-- buffer-equal@0.0.1
42 silly idealTree +-- buffer-xor@1.0.3
42 silly idealTree +-- buffer@4.9.1
42 silly idealTree +-- builtin-modules@1.1.1
42 silly idealTree +-- builtin-status-codes@3.0.0
42 silly idealTree +-- bytes@3.0.0
42 silly idealTree +-- camel-case@3.0.0
42 silly idealTree +-- camelcase-keys@2.1.0
42 silly idealTree +-- camelcase@2.1.1
42 silly idealTree +-- caniuse-api@1.6.1
42 silly idealTree +-- caniuse-db@1.0.30000760
42 silly idealTree +-- caseless@0.12.0
42 silly idealTree +-- center-align@0.1.3
42 silly idealTree | `-- lazy-cache@1.0.4
42 silly idealTree +-- chalk@1.1.3
42 silly idealTree | `-- supports-color@2.0.0
42 silly idealTree +-- chart.js@2.5.0
42 silly idealTree +-- chartjs-color-string@0.4.0
42 silly idealTree +-- chartjs-color@2.1.0
42 silly idealTree +-- chokidar@1.7.0
42 silly idealTree +-- cipher-base@1.0.4
42 silly idealTree +-- circular-dependency-plugin@3.0.0
42 silly idealTree +-- clap@1.2.3
42 silly idealTree +-- clean-css@4.1.9
42 silly idealTree +-- cli-cursor@2.1.0
42 silly idealTree +-- cli-width@2.2.0
42 silly idealTree +-- cliui@3.2.0
42 silly idealTree | +-- is-fullwidth-code-point@1.0.0
42 silly idealTree | `-- string-width@1.0.2
42 silly idealTree +-- clone-deep@0.3.0
42 silly idealTree +-- clone@1.0.2
42 silly idealTree +-- co@4.6.0
42 silly idealTree +-- coa@1.0.4
42 silly idealTree +-- code-point-at@1.1.0
42 silly idealTree +-- codelyzer@2.0.1
42 silly idealTree +-- color-convert@0.5.3
42 silly idealTree +-- color-name@1.1.3
42 silly idealTree +-- color-string@0.3.0
42 silly idealTree +-- color@0.11.4
42 silly idealTree | `-- color-convert@1.9.1
42 silly idealTree +-- colormin@1.1.2
42 silly idealTree +-- colors@1.1.2
42 silly idealTree +-- combined-stream@1.0.5
42 silly idealTree +-- commander@2.11.0
42 silly idealTree +-- common-tags@1.4.0
42 silly idealTree +-- compressible@2.0.12
42 silly idealTree +-- compression@1.7.1
42 silly idealTree +-- concat-map@0.0.1
42 silly idealTree +-- concat-stream@1.6.0
42 silly idealTree +-- connect-history-api-fallback@1.5.0
42 silly idealTree +-- console-browserify@1.1.0
42 silly idealTree +-- console-control-strings@1.1.0
42 silly idealTree +-- constants-browserify@1.0.0
42 silly idealTree +-- content-disposition@0.5.2
42 silly idealTree +-- content-type@1.0.4
42 silly idealTree +-- convert-source-map@1.5.0
42 silly idealTree +-- cookie-signature@1.0.6
42 silly idealTree +-- cookie@0.3.1
42 silly idealTree +-- core-js@2.4.1
42 silly idealTree +-- core-object@3.1.5
42 silly idealTree | +-- ansi-styles@3.2.0
42 silly idealTree | +-- chalk@2.3.0
42 silly idealTree | +-- color-convert@1.9.1
42 silly idealTree | +-- has-flag@2.0.0
42 silly idealTree | `-- supports-color@4.5.0
42 silly idealTree +-- core-util-is@1.0.2
42 silly idealTree +-- cosmiconfig@2.2.2
42 silly idealTree +-- create-ecdh@4.0.0
42 silly idealTree +-- create-hash@1.1.3
42 silly idealTree +-- create-hmac@1.1.6
42 silly idealTree +-- cross-spawn@3.0.1
42 silly idealTree +-- cryptiles@2.0.5
42 silly idealTree +-- crypto-browserify@3.12.0
42 silly idealTree +-- css-color-names@0.0.4
42 silly idealTree +-- css-loader@0.28.7
42 silly idealTree +-- css-parse@1.7.0
42 silly idealTree +-- css-select@1.2.0
42 silly idealTree +-- css-selector-tokenizer@0.7.0
42 silly idealTree +-- css-what@2.1.0
42 silly idealTree +-- cssauron@1.4.0
42 silly idealTree +-- cssesc@0.1.0
42 silly idealTree +-- cssnano@3.10.0
42 silly idealTree +-- csso@2.3.2
42 silly idealTree +-- currently-unhandled@0.4.1
42 silly idealTree +-- dashdash@1.14.1
42 silly idealTree | `-- assert-plus@1.0.0
42 silly idealTree +-- date-now@0.1.4
42 silly idealTree +-- debug@2.6.9
42 silly idealTree +-- decamelize@1.2.0
42 silly idealTree +-- deep-equal@1.0.1
42 silly idealTree +-- defined@1.0.0
42 silly idealTree +-- delayed-stream@1.0.0
42 silly idealTree +-- delegates@1.0.0
42 silly idealTree +-- denodeify@1.2.1
42 silly idealTree +-- depd@1.1.1
42 silly idealTree +-- des.js@1.0.0
42 silly idealTree +-- destroy@1.0.4
42 silly idealTree +-- detect-indent@4.0.0
42 silly idealTree +-- detect-node@2.0.3
42 silly idealTree +-- dfa@1.1.0
42 silly idealTree +-- diff@3.3.1
42 silly idealTree +-- diffie-hellman@5.0.2
42 silly idealTree +-- directory-encoder@0.7.2
42 silly idealTree | +-- fs-extra@0.23.1
42 silly idealTree | `-- jsonfile@2.4.0
42 silly idealTree +-- dom-converter@0.1.4
42 silly idealTree | `-- utila@0.3.3
42 silly idealTree +-- dom-serializer@0.1.0
42 silly idealTree | `-- domelementtype@1.1.3
42 silly idealTree +-- domain-browser@1.1.7
42 silly idealTree +-- domelementtype@1.3.0
42 silly idealTree +-- domhandler@2.1.0
42 silly idealTree +-- domutils@1.5.1
42 silly idealTree +-- duplexer2@0.0.2
42 silly idealTree | +-- isarray@0.0.1
42 silly idealTree | +-- readable-stream@1.1.14
42 silly idealTree | `-- string_decoder@0.10.31
42 silly idealTree +-- ecc-jsbn@0.1.1
42 silly idealTree +-- ee-first@1.1.1
42 silly idealTree +-- electron-to-chromium@1.3.27
42 silly idealTree +-- elliptic@6.4.0
42 silly idealTree +-- ember-cli-normalize-entity-name@1.0.0
42 silly idealTree +-- ember-cli-string-utils@1.1.0
42 silly idealTree +-- emojis-list@2.1.0
42 silly idealTree +-- encodeurl@1.0.1
42 silly idealTree +-- enhanced-resolve@3.4.1
42 silly idealTree +-- ensure-posix-path@1.0.2
42 silly idealTree +-- entities@1.1.1
42 silly idealTree +-- errno@0.1.4
42 silly idealTree +-- error-ex@1.3.1
42 silly idealTree +-- escape-html@1.0.3
42 silly idealTree +-- escape-string-regexp@1.0.5
42 silly idealTree +-- escodegen@1.3.3
42 silly idealTree | +-- esprima@1.1.1
42 silly idealTree | +-- esutils@1.0.0
42 silly idealTree | `-- source-map@0.1.43
42 silly idealTree +-- esprima@2.7.3
42 silly idealTree +-- estraverse@1.5.1
42 silly idealTree +-- esutils@2.0.2
42 silly idealTree +-- etag@1.8.1
42 silly idealTree +-- eventemitter3@1.2.0
42 silly idealTree +-- events@1.1.1
42 silly idealTree +-- eventsource@0.1.6
42 silly idealTree +-- evp_bytestokey@1.0.3
42 silly idealTree +-- expand-brackets@0.1.5
42 silly idealTree +-- expand-range@1.8.2
42 silly idealTree +-- exports-loader@0.6.4
42 silly idealTree +-- express@4.16.2
42 silly idealTree | `-- qs@6.5.1
42 silly idealTree +-- extend@3.0.1
42 silly idealTree +-- external-editor@2.0.5
42 silly idealTree +-- extglob@0.3.2
42 silly idealTree +-- extract-text-webpack-plugin@2.1.2
42 silly idealTree +-- extsprintf@1.3.0
42 silly idealTree +-- falafel@2.1.0
42 silly idealTree | +-- acorn@5.1.2
42 silly idealTree | `-- isarray@0.0.1
42 silly idealTree +-- fast-deep-equal@1.0.0
42 silly idealTree +-- fast-json-stable-stringify@2.0.0
42 silly idealTree +-- fastparse@1.1.1
42 silly idealTree +-- faye-websocket@0.10.0
42 silly idealTree +-- figures@2.0.0
42 silly idealTree +-- file-loader@0.10.1
42 silly idealTree +-- filename-regex@2.0.1
42 silly idealTree +-- fill-range@2.2.3
42 silly idealTree | `-- isobject@2.1.0
42 silly idealTree +-- finalhandler@1.1.0
42 silly idealTree +-- find-up@1.1.2
42 silly idealTree +-- flatten@1.0.2
42 silly idealTree +-- font-awesome@4.7.0
42 silly idealTree +-- fontkit@1.7.7
42 silly idealTree +-- for-in@1.0.2
42 silly idealTree +-- for-own@1.0.0
42 silly idealTree +-- foreach@2.0.5
42 silly idealTree +-- forever-agent@0.6.1
42 silly idealTree +-- form-data@2.1.4
42 silly idealTree +-- forwarded@0.1.2
42 silly idealTree +-- fresh@0.5.2
42 silly idealTree +-- fs-extra@4.0.2
42 silly idealTree +-- fs.realpath@1.0.0
42 silly idealTree +-- fstream@1.0.11
42 silly idealTree +-- function-bind@1.1.1
42 silly idealTree +-- gauge@2.7.4
42 silly idealTree | +-- is-fullwidth-code-point@1.0.0
42 silly idealTree | `-- string-width@1.0.2
42 silly idealTree +-- gaze@1.1.2
42 silly idealTree +-- get-caller-file@1.0.2
42 silly idealTree +-- get-stdin@4.0.1
42 silly idealTree +-- getpass@0.1.7
42 silly idealTree | `-- assert-plus@1.0.0
42 silly idealTree +-- glob-base@0.3.0
42 silly idealTree +-- glob-parent@2.0.0
42 silly idealTree +-- glob@7.1.2
42 silly idealTree +-- globals@9.18.0
42 silly idealTree +-- globule@1.2.0
42 silly idealTree +-- graceful-fs@4.1.11
42 silly idealTree +-- handle-thing@1.2.5
42 silly idealTree +-- handlebars@1.3.0
42 silly idealTree | +-- async@0.2.10
42 silly idealTree | +-- source-map@0.1.43
42 silly idealTree | `-- uglify-js@2.3.6
42 silly idealTree +-- har-schema@1.0.5
42 silly idealTree +-- har-validator@4.2.1
42 silly idealTree | `-- ajv@4.11.8
42 silly idealTree +-- has-ansi@2.0.0
42 silly idealTree +-- has-flag@1.0.0
42 silly idealTree +-- has-unicode@2.0.1
42 silly idealTree +-- has@1.0.1
42 silly idealTree +-- hash-base@2.0.2
42 silly idealTree +-- hash.js@1.1.3
42 silly idealTree +-- hawk@3.1.3
42 silly idealTree +-- he@1.1.1
42 silly idealTree +-- heimdalljs-logger@0.1.9
42 silly idealTree +-- heimdalljs@0.2.5
42 silly idealTree | `-- rsvp@3.2.1
42 silly idealTree +-- hmac-drbg@1.0.1
42 silly idealTree +-- hoek@2.16.3
42 silly idealTree +-- hosted-git-info@2.5.0
42 silly idealTree +-- hpack.js@2.1.6
42 silly idealTree +-- html-comment-regex@1.1.1
42 silly idealTree +-- html-entities@1.2.1
42 silly idealTree +-- html-minifier@3.5.6
42 silly idealTree +-- html-webpack-plugin@2.30.1
42 silly idealTree | `-- loader-utils@0.2.17
42 silly idealTree +-- htmlparser2@3.3.0
42 silly idealTree | +-- domutils@1.1.6
42 silly idealTree | +-- isarray@0.0.1
42 silly idealTree | +-- readable-stream@1.0.34
42 silly idealTree | `-- string_decoder@0.10.31
42 silly idealTree +-- http-deceiver@1.2.7
42 silly idealTree +-- http-errors@1.6.2
42 silly idealTree | `-- setprototypeof@1.0.3
42 silly idealTree +-- http-parser-js@0.4.9
42 silly idealTree +-- http-proxy-middleware@0.17.4
42 silly idealTree | +-- is-extglob@2.1.1
42 silly idealTree | `-- is-glob@3.1.0
42 silly idealTree +-- http-proxy@1.16.2
42 silly idealTree +-- http-signature@1.1.1
42 silly idealTree +-- https-browserify@0.0.1
42 silly idealTree +-- iconv-lite@0.4.19
42 silly idealTree +-- icss-replace-symbols@1.1.0
42 silly idealTree +-- icss-utils@2.1.0
42 silly idealTree | +-- ansi-styles@3.2.0
42 silly idealTree | +-- chalk@2.3.0
42 silly idealTree | +-- color-convert@1.9.1
42 silly idealTree | +-- has-flag@2.0.0
42 silly idealTree | +-- postcss@6.0.14
42 silly idealTree | +-- source-map@0.6.1
42 silly idealTree | `-- supports-color@4.5.0
42 silly idealTree +-- ieee754@1.1.8
42 silly idealTree +-- image-size@0.5.5
42 silly idealTree +-- img-stats@0.5.2
42 silly idealTree +-- in-publish@2.0.0
42 silly idealTree +-- indent-string@2.1.0
42 silly idealTree +-- indexes-of@1.0.1
42 silly idealTree +-- indexof@0.0.1
42 silly idealTree +-- inflection@1.12.0
42 silly idealTree +-- inflight@1.0.6
42 silly idealTree +-- inherits@2.0.3
42 silly idealTree +-- inquirer@3.3.0
42 silly idealTree | +-- ansi-regex@3.0.0
42 silly idealTree | +-- ansi-styles@3.2.0
42 silly idealTree | +-- chalk@2.3.0
42 silly idealTree | +-- color-convert@1.9.1
42 silly idealTree | +-- has-flag@2.0.0
42 silly idealTree | +-- strip-ansi@4.0.0
42 silly idealTree | `-- supports-color@4.5.0
42 silly idealTree +-- interpret@1.0.4
42 silly idealTree +-- invariant@2.2.2
42 silly idealTree +-- invert-kv@1.0.0
42 silly idealTree +-- ipaddr.js@1.5.2
42 silly idealTree +-- is-absolute-url@2.1.0
42 silly idealTree +-- is-arrayish@0.2.1
42 silly idealTree +-- is-binary-path@1.0.1
42 silly idealTree +-- is-buffer@1.1.6
42 silly idealTree +-- is-builtin-module@1.0.0
42 silly idealTree +-- is-directory@0.3.1
42 silly idealTree +-- is-dotfile@1.0.3
42 silly idealTree +-- is-equal-shallow@0.1.3
42 silly idealTree +-- is-extendable@0.1.1
42 silly idealTree +-- is-extglob@1.0.0
42 silly idealTree +-- is-finite@1.0.2
42 silly idealTree +-- is-fullwidth-code-point@2.0.0
42 silly idealTree +-- is-glob@2.0.1
42 silly idealTree +-- is-number@2.1.0
42 silly idealTree +-- is-plain-obj@1.1.0
42 silly idealTree +-- is-plain-object@2.0.4
42 silly idealTree +-- is-posix-bracket@0.1.1
42 silly idealTree +-- is-primitive@2.0.0
42 silly idealTree +-- is-promise@2.1.0
42 silly idealTree +-- is-svg@2.1.0
42 silly idealTree +-- is-typedarray@1.0.0
42 silly idealTree +-- is-utf8@0.2.1
42 silly idealTree +-- is-wsl@1.1.0
42 silly idealTree +-- isarray@1.0.0
42 silly idealTree +-- isbinaryfile@3.0.2
42 silly idealTree +-- isexe@2.0.0
42 silly idealTree +-- isobject@3.0.1
42 silly idealTree +-- isstream@0.1.2
42 silly idealTree +-- istanbul-instrumenter-loader@2.0.0
42 silly idealTree | `-- loader-utils@0.2.17
42 silly idealTree +-- istanbul-lib-coverage@1.1.1
42 silly idealTree +-- istanbul-lib-instrument@1.9.1
42 silly idealTree +-- jasmine-core@2.5.2
42 silly idealTree +-- jasmine-spec-reporter@3.2.0
42 silly idealTree +-- jquery-slimscroll@1.3.8
42 silly idealTree +-- jquery-sparkline@2.4.0
42 silly idealTree +-- jquery@3.1.0
42 silly idealTree +-- js-base64@2.3.2
42 silly idealTree +-- js-tokens@3.0.2
42 silly idealTree +-- js-yaml@3.7.0
42 silly idealTree +-- jsbn@0.1.1
42 silly idealTree +-- jschardet@1.6.0
42 silly idealTree +-- jsesc@0.5.0
42 silly idealTree +-- json-loader@0.5.7
42 silly idealTree +-- json-schema-traverse@0.3.1
42 silly idealTree +-- json-schema@0.2.3
42 silly idealTree +-- json-stable-stringify@1.0.1
42 silly idealTree +-- json-stringify-safe@5.0.1
42 silly idealTree +-- json3@3.3.2
42 silly idealTree +-- json5@0.5.1
42 silly idealTree +-- jsonfile@4.0.0
42 silly idealTree +-- jsonify@0.0.0
42 silly idealTree +-- jsprim@1.4.1
42 silly idealTree | `-- assert-plus@1.0.0
42 silly idealTree +-- jvectormap@1.2.2
42 silly idealTree +-- karma-source-map-support@1.2.0
42 silly idealTree +-- kind-of@3.2.2
42 silly idealTree +-- ladda@1.0.4
42 silly idealTree +-- lazy-cache@0.2.7
42 silly idealTree +-- lcid@1.0.0
42 silly idealTree +-- less-loader@4.0.5
42 silly idealTree | `-- clone@2.1.1
42 silly idealTree +-- less@2.7.3
42 silly idealTree +-- license-webpack-plugin@0.4.3
42 silly idealTree +-- linebreak@0.3.0
42 silly idealTree | `-- base64-js@0.0.8
42 silly idealTree +-- load-json-file@1.1.0
42 silly idealTree +-- loader-runner@2.3.0
42 silly idealTree +-- loader-utils@1.1.0
42 silly idealTree +-- lodash.assign@4.2.0
42 silly idealTree +-- lodash.camelcase@4.3.0
42 silly idealTree +-- lodash.clonedeep@4.5.0
42 silly idealTree +-- lodash.memoize@4.1.2
42 silly idealTree +-- lodash.mergewith@4.6.0
42 silly idealTree +-- lodash.tail@4.1.1
42 silly idealTree +-- lodash.uniq@4.5.0
42 silly idealTree +-- lodash@4.17.4
42 silly idealTree +-- longest@1.0.1
42 silly idealTree +-- loose-envify@1.3.1
42 silly idealTree +-- loud-rejection@1.6.0
42 silly idealTree +-- lower-case@1.1.4
42 silly idealTree +-- lru-cache@4.1.1
42 silly idealTree +-- macaddress@0.2.8
42 silly idealTree +-- magic-string@0.22.4
42 silly idealTree +-- make-error@1.3.0
42 silly idealTree +-- map-obj@1.0.1
42 silly idealTree +-- matcher-collection@1.0.5
42 silly idealTree +-- math-expression-evaluator@1.2.17
42 silly idealTree +-- md5.js@1.3.4
42 silly idealTree | `-- hash-base@3.0.4
42 silly idealTree +-- media-typer@0.3.0
42 silly idealTree +-- memory-fs@0.4.1
42 silly idealTree +-- meow@3.7.0
42 silly idealTree +-- merge-descriptors@1.0.1
42 silly idealTree +-- methods@1.1.2
42 silly idealTree +-- metismenu@2.5.0
42 silly idealTree +-- micromatch@2.3.11
42 silly idealTree +-- miller-rabin@4.0.1
42 silly idealTree +-- mime-db@1.30.0
42 silly idealTree +-- mime-types@2.1.17
42 silly idealTree +-- mime@1.4.1
42 silly idealTree +-- mimic-fn@1.1.0
42 silly idealTree +-- minimalistic-assert@1.0.0
42 silly idealTree +-- minimalistic-crypto-utils@1.0.1
42 silly idealTree +-- minimatch@3.0.4
42 silly idealTree +-- minimist@1.2.0
42 silly idealTree +-- mixin-object@2.0.1
42 silly idealTree | `-- for-in@0.1.8
42 silly idealTree +-- mkdirp@0.5.1
42 silly idealTree | `-- minimist@0.0.8
42 silly idealTree +-- moment@2.18.1
42 silly idealTree +-- ms@2.0.0
42 silly idealTree +-- mute-stream@0.0.7
42 silly idealTree +-- nan@2.7.0
42 silly idealTree +-- ncname@1.0.0
42 silly idealTree +-- negotiator@0.6.1
42 silly idealTree +-- ng2-charts@1.5.0
42 silly idealTree +-- ngx-bootstrap@1.6.6
42 silly idealTree +-- ngx-mydatepicker@2.3.0
42 silly idealTree +-- no-case@2.3.2
42 silly idealTree +-- node-gyp@3.6.2
42 silly idealTree | +-- nopt@3.0.6
42 silly idealTree | `-- semver@5.3.0
42 silly idealTree +-- node-libs-browser@2.0.0
42 silly idealTree | `-- string_decoder@0.10.31
42 silly idealTree +-- node-modules-path@1.0.1
42 silly idealTree +-- node-sass@4.6.1
42 silly idealTree +-- nopt@4.0.1
42 silly idealTree +-- normalize-package-data@2.4.0
42 silly idealTree +-- normalize-path@2.1.1
42 silly idealTree +-- normalize-range@0.1.2
42 silly idealTree +-- normalize-url@1.9.1
42 silly idealTree +-- npmlog@4.1.2
42 silly idealTree +-- nth-check@1.0.1
42 silly idealTree +-- num2fraction@1.2.2
42 silly idealTree +-- number-is-nan@1.0.1
42 silly idealTree +-- oauth-sign@0.8.2
42 silly idealTree +-- object-assign@4.1.1
42 silly idealTree +-- object-inspect@0.4.0
42 silly idealTree +-- object-keys@1.0.11
42 silly idealTree +-- object.omit@2.0.1
42 silly idealTree | `-- for-own@0.1.5
42 silly idealTree +-- obuf@1.1.1
42 silly idealTree +-- on-finished@2.3.0
42 silly idealTree +-- on-headers@1.0.1
42 silly idealTree +-- once@1.4.0
42 silly idealTree +-- onetime@2.0.1
42 silly idealTree +-- opn@5.1.0
42 silly idealTree +-- optimist@0.3.7
42 silly idealTree +-- original@1.0.0
42 silly idealTree | `-- url-parse@1.0.5
42 silly idealTree +-- os-browserify@0.2.1
42 silly idealTree +-- os-homedir@1.0.2
42 silly idealTree +-- os-locale@1.4.0
42 silly idealTree +-- os-tmpdir@1.0.2
42 silly idealTree +-- osenv@0.1.4
42 silly idealTree +-- pako@0.2.9
42 silly idealTree +-- param-case@2.1.1
42 silly idealTree +-- parse-asn1@5.1.0
42 silly idealTree +-- parse-glob@3.0.4
42 silly idealTree +-- parse-json@2.2.0
42 silly idealTree +-- parse5@3.0.2
42 silly idealTree +-- parseurl@1.3.2
42 silly idealTree +-- path-browserify@0.0.0
42 silly idealTree +-- path-exists@2.1.0
42 silly idealTree +-- path-is-absolute@1.0.1
42 silly idealTree +-- path-parse@1.0.5
42 silly idealTree +-- path-to-regexp@0.1.7
42 silly idealTree +-- path-type@1.1.0
42 silly idealTree +-- pbkdf2@3.0.14
42 silly idealTree +-- pdfkit@0.8.3
42 silly idealTree +-- pdfmake@0.1.28
42 silly idealTree +-- peity@3.2.1
42 silly idealTree +-- performance-now@0.2.0
42 silly idealTree +-- pify@2.3.0
42 silly idealTree +-- pinkie-promise@2.0.1
42 silly idealTree +-- pinkie@2.0.4
42 silly idealTree +-- png-js@0.1.1
42 silly idealTree +-- portfinder@1.0.13
42 silly idealTree | `-- async@1.5.2
42 silly idealTree +-- postcss-calc@5.3.1
42 silly idealTree +-- postcss-colormin@2.2.2
42 silly idealTree +-- postcss-convert-values@2.6.1
42 silly idealTree +-- postcss-discard-comments@2.0.4
42 silly idealTree +-- postcss-discard-duplicates@2.1.0
42 silly idealTree +-- postcss-discard-empty@2.1.0
42 silly idealTree +-- postcss-discard-overridden@0.1.1
42 silly idealTree +-- postcss-discard-unused@2.2.3
42 silly idealTree +-- postcss-filter-plugins@2.0.2
42 silly idealTree +-- postcss-load-config@1.2.0
42 silly idealTree +-- postcss-load-options@1.2.0
42 silly idealTree +-- postcss-load-plugins@2.3.0
42 silly idealTree +-- postcss-loader@1.3.3
42 silly idealTree +-- postcss-merge-idents@2.1.7
42 silly idealTree +-- postcss-merge-longhand@2.0.2
42 silly idealTree +-- postcss-merge-rules@2.1.2
42 silly idealTree +-- postcss-message-helpers@2.0.0
42 silly idealTree +-- postcss-minify-font-values@1.0.5
42 silly idealTree +-- postcss-minify-gradients@1.0.5
42 silly idealTree +-- postcss-minify-params@1.2.2
42 silly idealTree +-- postcss-minify-selectors@2.1.1
42 silly idealTree +-- postcss-modules-extract-imports@1.1.0
42 silly idealTree | +-- ansi-styles@3.2.0
42 silly idealTree | +-- chalk@2.3.0
42 silly idealTree | +-- color-convert@1.9.1
42 silly idealTree | +-- has-flag@2.0.0
42 silly idealTree | +-- postcss@6.0.14
42 silly idealTree | +-- source-map@0.6.1
42 silly idealTree | `-- supports-color@4.5.0
42 silly idealTree +-- postcss-modules-local-by-default@1.2.0
42 silly idealTree | +-- ansi-styles@3.2.0
42 silly idealTree | +-- chalk@2.3.0
42 silly idealTree | +-- color-convert@1.9.1
42 silly idealTree | +-- has-flag@2.0.0
42 silly idealTree | +-- postcss@6.0.14
42 silly idealTree | +-- source-map@0.6.1
42 silly idealTree | `-- supports-color@4.5.0
42 silly idealTree +-- postcss-modules-scope@1.1.0
42 silly idealTree | +-- ansi-styles@3.2.0
42 silly idealTree | +-- chalk@2.3.0
42 silly idealTree | +-- color-convert@1.9.1
42 silly idealTree | +-- has-flag@2.0.0
42 silly idealTree | +-- postcss@6.0.14
42 silly idealTree | +-- source-map@0.6.1
42 silly idealTree | `-- supports-color@4.5.0
42 silly idealTree +-- postcss-modules-values@1.3.0
42 silly idealTree | +-- ansi-styles@3.2.0
42 silly idealTree | +-- chalk@2.3.0
42 silly idealTree | +-- color-convert@1.9.1
42 silly idealTree | +-- has-flag@2.0.0
42 silly idealTree | +-- postcss@6.0.14
42 silly idealTree | +-- source-map@0.6.1
42 silly idealTree | `-- supports-color@4.5.0
42 silly idealTree +-- postcss-normalize-charset@1.1.1
42 silly idealTree +-- postcss-normalize-url@3.0.8
42 silly idealTree +-- postcss-ordered-values@2.2.3
42 silly idealTree +-- postcss-reduce-idents@2.4.0
42 silly idealTree +-- postcss-reduce-initial@1.0.1
42 silly idealTree +-- postcss-reduce-transforms@1.0.4
42 silly idealTree +-- postcss-selector-parser@2.2.3
42 silly idealTree +-- postcss-svgo@2.1.6
42 silly idealTree +-- postcss-unique-selectors@2.0.2
42 silly idealTree +-- postcss-url@5.1.2
42 silly idealTree +-- postcss-value-parser@3.3.0
42 silly idealTree +-- postcss-zindex@2.2.0
42 silly idealTree +-- postcss@5.2.18
42 silly idealTree +-- prepend-http@1.0.4
42 silly idealTree +-- preserve@0.2.0
42 silly idealTree +-- pretty-error@2.1.1
42 silly idealTree +-- process-nextick-args@1.0.7
42 silly idealTree +-- process@0.11.10
42 silly idealTree +-- promise@7.3.1
42 silly idealTree +-- proxy-addr@2.0.2
42 silly idealTree +-- prr@0.0.0
42 silly idealTree +-- pseudomap@1.0.2
42 silly idealTree +-- public-encrypt@4.0.0
42 silly idealTree +-- punycode@1.4.1
42 silly idealTree +-- q@1.5.1
42 silly idealTree +-- qs@6.4.0
42 silly idealTree +-- query-string@4.3.4
42 silly idealTree +-- querystring-es3@0.2.1
42 silly idealTree +-- querystring@0.2.0
42 silly idealTree +-- querystringify@0.0.4
42 silly idealTree +-- quote-stream@1.0.2
42 silly idealTree +-- randomatic@1.1.7
42 silly idealTree | +-- is-number@3.0.0
42 silly idealTree | | `-- kind-of@3.2.2
42 silly idealTree | `-- kind-of@4.0.0
42 silly idealTree +-- randombytes@2.0.5
42 silly idealTree +-- randomfill@1.0.3
42 silly idealTree +-- range-parser@1.2.0
42 silly idealTree +-- raw-body@2.3.2
42 silly idealTree +-- raw-loader@0.5.1
42 silly idealTree +-- read-pkg-up@1.0.1
42 silly idealTree +-- read-pkg@1.1.0
42 silly idealTree +-- readable-stream@2.3.3
42 silly idealTree +-- readdirp@2.1.0
42 silly idealTree +-- redent@1.0.0
42 silly idealTree +-- reduce-css-calc@1.3.0
42 silly idealTree +-- reduce-function-call@1.0.2
42 silly idealTree +-- reflect-metadata@0.1.10
42 silly idealTree +-- regenerate@1.3.2
42 silly idealTree +-- regenerator-runtime@0.11.0
42 silly idealTree +-- regex-cache@0.4.4
42 silly idealTree +-- regexpu-core@1.0.0
42 silly idealTree +-- regjsgen@0.2.0
42 silly idealTree +-- regjsparser@0.1.5
42 silly idealTree +-- relateurl@0.2.7
42 silly idealTree +-- remove-trailing-separator@1.1.0
42 silly idealTree +-- renderkid@2.0.1
42 silly idealTree | `-- utila@0.3.3
42 silly idealTree +-- repeat-element@1.1.2
42 silly idealTree +-- repeat-string@1.6.1
42 silly idealTree +-- repeating@2.0.1
42 silly idealTree +-- request@2.81.0
42 silly idealTree +-- require-directory@2.1.1
42 silly idealTree +-- require-from-string@1.2.1
42 silly idealTree +-- require-main-filename@1.0.1
42 silly idealTree +-- requires-port@1.0.0
42 silly idealTree +-- resolve@1.4.0
42 silly idealTree +-- restore-cursor@2.0.0
42 silly idealTree +-- restructure@0.5.4
42 silly idealTree +-- right-align@0.1.3
42 silly idealTree +-- rimraf@2.6.2
42 silly idealTree +-- ripemd160@2.0.1
42 silly idealTree +-- rsvp@3.6.2
42 silly idealTree +-- run-async@2.3.0
42 silly idealTree +-- rx-lite-aggregates@4.0.8
42 silly idealTree +-- rx-lite@4.0.8
42 silly idealTree +-- rxjs@5.1.0
42 silly idealTree +-- safe-buffer@5.1.1
42 silly idealTree +-- sass-graph@2.2.4
42 silly idealTree +-- sass-loader@6.0.6
42 silly idealTree | `-- pify@3.0.0
42 silly idealTree +-- sax@1.2.4
42 silly idealTree +-- schema-utils@0.3.0
42 silly idealTree +-- script-loader@0.7.2
42 silly idealTree +-- scss-tokenizer@0.2.3
42 silly idealTree | `-- source-map@0.4.4
42 silly idealTree +-- select-hose@2.0.0
42 silly idealTree +-- semver-dsl@1.0.1
42 silly idealTree +-- semver@5.4.1
42 silly idealTree +-- send@0.16.1
42 silly idealTree +-- serve-index@1.9.1
42 silly idealTree +-- serve-static@1.13.1
42 silly idealTree +-- set-blocking@2.0.0
42 silly idealTree +-- set-immediate-shim@1.0.1
42 silly idealTree +-- setimmediate@1.0.5
42 silly idealTree +-- setprototypeof@1.1.0
42 silly idealTree +-- sha.js@2.4.9
42 silly idealTree +-- shallow-clone@0.1.2
42 silly idealTree | `-- kind-of@2.0.1
42 silly idealTree +-- shallow-copy@0.0.1
42 silly idealTree +-- signal-exit@3.0.2
42 silly idealTree +-- silent-error@1.1.0
42 silly idealTree +-- sntp@1.0.9
42 silly idealTree +-- sockjs-client@1.1.2
42 silly idealTree | `-- faye-websocket@0.11.1
42 silly idealTree +-- sockjs@0.3.18
42 silly idealTree | `-- uuid@2.0.3
42 silly idealTree +-- sort-keys@1.1.2
42 silly idealTree +-- source-list-map@2.0.0
42 silly idealTree +-- source-map-loader@0.2.3
42 silly idealTree | +-- loader-utils@0.2.17
42 silly idealTree | `-- source-map@0.6.1
42 silly idealTree +-- source-map-support@0.4.17
42 silly idealTree +-- source-map@0.5.7
42 silly idealTree +-- spdx-correct@1.0.2
42 silly idealTree +-- spdx-expression-parse@1.0.4
42 silly idealTree +-- spdx-license-ids@1.2.2
42 silly idealTree +-- spdy-transport@2.0.20
42 silly idealTree +-- spdy@3.4.7
42 silly idealTree +-- spin.js@2.3.2
42 silly idealTree +-- sprintf-js@1.0.3
42 silly idealTree +-- sshpk@1.13.1
42 silly idealTree | `-- assert-plus@1.0.0
42 silly idealTree +-- static-eval@0.2.4
42 silly idealTree | +-- escodegen@0.0.28
42 silly idealTree | +-- esprima@1.0.4
42 silly idealTree | `-- estraverse@1.3.2
42 silly idealTree +-- static-module@1.5.0
42 silly idealTree | +-- isarray@0.0.1
42 silly idealTree | +-- minimist@0.0.8
42 silly idealTree | +-- object-keys@0.4.0
42 silly idealTree | +-- quote-stream@0.0.0
42 silly idealTree | +-- readable-stream@1.0.34
42 silly idealTree | +-- string_decoder@0.10.31
42 silly idealTree | +-- through2@0.4.2
42 silly idealTree | `-- xtend@2.1.2
42 silly idealTree +-- statuses@1.3.1
42 silly idealTree +-- stdout-stream@1.4.0
42 silly idealTree +-- stream-browserify@2.0.1
42 silly idealTree +-- stream-http@2.7.2
42 silly idealTree +-- strict-uri-encode@1.1.0
42 silly idealTree +-- string_decoder@1.0.3
42 silly idealTree +-- string-width@2.1.1
42 silly idealTree | +-- ansi-regex@3.0.0
42 silly idealTree | `-- strip-ansi@4.0.0
42 silly idealTree +-- stringstream@0.0.5
42 silly idealTree +-- strip-ansi@3.0.1
42 silly idealTree +-- strip-bom@2.0.0
42 silly idealTree +-- strip-indent@1.0.1
42 silly idealTree +-- strip-json-comments@2.0.1
42 silly idealTree +-- style-loader@0.13.2
42 silly idealTree +-- stylus-loader@3.0.1
42 silly idealTree +-- stylus@0.54.5
42 silly idealTree | +-- glob@7.0.6
42 silly idealTree | +-- sax@0.5.8
42 silly idealTree | `-- source-map@0.1.43
42 silly idealTree +-- supports-color@3.2.3
42 silly idealTree +-- svgo@0.7.2
42 silly idealTree +-- sweetalert2@6.6.2
42 silly idealTree +-- symbol-observable@1.0.4
42 silly idealTree +-- tapable@0.2.8
42 silly idealTree +-- tar@2.2.1
42 silly idealTree +-- temp@0.8.3
42 silly idealTree | `-- rimraf@2.2.8
42 silly idealTree +-- text-mask-addons@3.7.1
42 silly idealTree +-- text-mask-core@5.0.1
42 silly idealTree +-- through@2.3.8
42 silly idealTree +-- through2@2.0.3
42 silly idealTree +-- time-stamp@2.0.0
42 silly idealTree +-- timers-browserify@2.0.4
42 silly idealTree +-- tiny-inflate@1.0.2
42 silly idealTree +-- tmp@0.0.33
42 silly idealTree +-- to-arraybuffer@1.0.1
42 silly idealTree +-- to-fast-properties@1.0.3
42 silly idealTree +-- toposort@1.0.6
42 silly idealTree +-- tough-cookie@2.3.3
42 silly idealTree +-- trim-newlines@1.0.0
42 silly idealTree +-- trim-right@1.0.1
42 silly idealTree +-- ts-node@2.0.0
42 silly idealTree +-- tsconfig@5.0.3
42 silly idealTree +-- tsickle@0.21.6
42 silly idealTree +-- tty-browserify@0.0.0
42 silly idealTree +-- tunnel-agent@0.6.0
42 silly idealTree +-- tweetnacl@0.14.5
42 silly idealTree +-- type-is@1.6.15
42 silly idealTree +-- typedarray@0.0.6
42 silly idealTree +-- typescript@2.1.6
42 silly idealTree +-- uglify-js@3.1.9
42 silly idealTree | `-- source-map@0.6.1
42 silly idealTree +-- uglify-to-browserify@1.0.2
42 silly idealTree +-- unicode-properties@1.1.0
42 silly idealTree +-- unicode-trie@0.3.1
42 silly idealTree +-- uniq@1.0.1
42 silly idealTree +-- uniqid@4.1.1
42 silly idealTree +-- uniqs@2.0.0
42 silly idealTree +-- universalify@0.1.1
42 silly idealTree +-- unpipe@1.0.0
42 silly idealTree +-- upper-case@1.1.3
42 silly idealTree +-- url-loader@0.5.9
42 silly idealTree | `-- mime@1.3.6
42 silly idealTree +-- url-parse@1.2.0
42 silly idealTree | `-- querystringify@1.0.0
42 silly idealTree +-- url@0.11.0
42 silly idealTree | `-- punycode@1.3.2
42 silly idealTree +-- user-home@1.1.1
42 silly idealTree +-- util-deprecate@1.0.2
42 silly idealTree +-- util@0.10.3
42 silly idealTree | `-- inherits@2.0.1
42 silly idealTree +-- utila@0.4.0
42 silly idealTree +-- utils-merge@1.0.1
42 silly idealTree +-- uuid@3.1.0
42 silly idealTree +-- v8flags@2.1.1
42 silly idealTree +-- validate-npm-package-license@3.0.1
42 silly idealTree +-- vary@1.1.2
42 silly idealTree +-- vendors@1.0.1
42 silly idealTree +-- verror@1.10.0
42 silly idealTree | `-- assert-plus@1.0.0
42 silly idealTree +-- vlq@0.2.3
42 silly idealTree +-- vm-browserify@0.0.4
42 silly idealTree +-- walk-sync@0.3.2
42 silly idealTree +-- watchpack@1.4.0
42 silly idealTree +-- wbuf@1.7.2
42 silly idealTree +-- webpack-dev-middleware@1.12.0
42 silly idealTree +-- webpack-dev-server@2.4.5
42 silly idealTree | +-- camelcase@3.0.0
42 silly idealTree | +-- is-fullwidth-code-point@1.0.0
42 silly idealTree | +-- opn@4.0.2
42 silly idealTree | +-- string-width@1.0.2
42 silly idealTree | +-- yargs-parser@4.2.1
42 silly idealTree | `-- yargs@6.6.0
42 silly idealTree +-- webpack-merge@2.6.1
42 silly idealTree +-- webpack-sources@1.0.2
42 silly idealTree | `-- source-map@0.6.1
42 silly idealTree +-- webpack@2.4.1
42 silly idealTree | +-- ajv@4.11.8
42 silly idealTree | +-- camelcase@1.2.1
42 silly idealTree | +-- cliui@2.1.0
42 silly idealTree | +-- is-fullwidth-code-point@1.0.0
42 silly idealTree | +-- loader-utils@0.2.17
42 silly idealTree | +-- source-list-map@1.1.2
42 silly idealTree | +-- string-width@1.0.2
42 silly idealTree | +-- uglify-js@2.8.29
42 silly idealTree | | `-- yargs@3.10.0
42 silly idealTree | +-- webpack-sources@0.2.3
42 silly idealTree | +-- wordwrap@0.0.2
42 silly idealTree | +-- yargs-parser@4.2.1
42 silly idealTree | | `-- camelcase@3.0.0
42 silly idealTree | `-- yargs@6.6.0
42 silly idealTree |   +-- camelcase@3.0.0
42 silly idealTree |   `-- cliui@3.2.0
42 silly idealTree +-- websocket-driver@0.7.0
42 silly idealTree +-- websocket-extensions@0.1.3
42 silly idealTree +-- when@3.6.4
42 silly idealTree +-- whet.extend@0.9.9
42 silly idealTree +-- which-module@1.0.0
42 silly idealTree +-- which@1.3.0
42 silly idealTree +-- wide-align@1.1.2
42 silly idealTree | +-- is-fullwidth-code-point@1.0.0
42 silly idealTree | `-- string-width@1.0.2
42 silly idealTree +-- window-size@0.1.0
42 silly idealTree +-- wordwrap@0.0.3
42 silly idealTree +-- wrap-ansi@2.1.0
42 silly idealTree | +-- is-fullwidth-code-point@1.0.0
42 silly idealTree | `-- string-width@1.0.2
42 silly idealTree +-- wrappy@1.0.2
42 silly idealTree +-- xhr2@0.1.4
42 silly idealTree +-- xml-char-classes@1.0.0
42 silly idealTree +-- xmldom@0.1.27
42 silly idealTree +-- xtend@4.0.1
42 silly idealTree +-- y18n@3.2.1
42 silly idealTree +-- yallist@2.1.2
42 silly idealTree +-- yargs-parser@5.0.0
42 silly idealTree | `-- camelcase@3.0.0
42 silly idealTree +-- yargs@7.1.0
42 silly idealTree | +-- camelcase@3.0.0
42 silly idealTree | +-- is-fullwidth-code-point@1.0.0
42 silly idealTree | `-- string-width@1.0.2
42 silly idealTree +-- yn@1.3.0
42 silly idealTree `-- zone.js@0.8.4
43 silly generateActionsToTake Starting
44 silly install generateActionsToTake
45 silly generateActionsToTake Finishing
46 silly diffTrees action count 0
47 silly decomposeActions action count 0
48 silly runTopLevelLifecycles Starting
49 silly install runPreinstallTopLevelLifecycles
50 silly preinstall proyecto-analisis-frontend@1.0.0 C:\Users\isaac\Desktop\Trabajos\Analisis y Diseo de Sistemas\proyecto\frontend\proyecto-analisis-frontend-0cd56ffd
51 info lifecycle proyecto-analisis-frontend@1.0.0~preinstall: proyecto-analisis-frontend@1.0.0
52 silly lifecycle proyecto-analisis-frontend@1.0.0~preinstall: no script for preinstall, continuing
53 silly executeActions Starting
54 silly install executeActions
55 silly doSerial global-install 0
56 silly doParallel fetch 0
57 verbose correctMkdir C:\Users\isaac\AppData\Roaming\npm-cache\_locks correctMkdir not in flight; initializing
58 verbose lock using C:\Users\isaac\AppData\Roaming\npm-cache\_locks\staging-a7c9e048206969d0.lock for C:\Users\isaac\Desktop\Trabajos\Analisis y Diseo de Sistemas\proyecto\frontend\node_modules\.staging
59 silly doParallel extract 0
60 silly doParallel preinstall 0
61 silly doReverseSerial remove 0
62 silly doSerial move 0
63 silly doSerial finalize 0
64 silly doSerial build 0
65 silly doSerial global-link 0
66 silly doParallel update-linked 0
67 silly doSerial install 0
68 silly doSerial postinstall 0
69 verbose unlock done using C:\Users\isaac\AppData\Roaming\npm-cache\_locks\staging-a7c9e048206969d0.lock for C:\Users\isaac\Desktop\Trabajos\Analisis y Diseo de Sistemas\proyecto\frontend\node_modules\.staging
70 silly executeActions Finishing
71 silly rollbackFailedOptional Starting
72 silly rollbackFailedOptional Finishing
73 silly install runPostinstallTopLevelLifecycles
74 silly build proyecto-analisis-frontend@1.0.0
75 info linkStuff proyecto-analisis-frontend@1.0.0
76 silly linkStuff proyecto-analisis-frontend@1.0.0 has C:\Users\isaac\Desktop\Trabajos\Analisis y Diseo de Sistemas\proyecto as its parent node_modules
77 verbose linkBins proyecto-analisis-frontend@1.0.0
78 verbose linkMans proyecto-analisis-frontend@1.0.0
79 silly install proyecto-analisis-frontend@1.0.0 C:\Users\isaac\Desktop\Trabajos\Analisis y Diseo de Sistemas\proyecto\frontend\proyecto-analisis-frontend-0cd56ffd
80 info lifecycle proyecto-analisis-frontend@1.0.0~install: proyecto-analisis-frontend@1.0.0
81 silly lifecycle proyecto-analisis-frontend@1.0.0~install: no script for install, continuing
82 silly postinstall proyecto-analisis-frontend@1.0.0 C:\Users\isaac\Desktop\Trabajos\Analisis y Diseo de Sistemas\proyecto\frontend\proyecto-analisis-frontend-0cd56ffd
83 info lifecycle proyecto-analisis-frontend@1.0.0~postinstall: proyecto-analisis-frontend@1.0.0
84 verbose lifecycle proyecto-analisis-frontend@1.0.0~postinstall: unsafe-perm in lifecycle true
85 verbose lifecycle proyecto-analisis-frontend@1.0.0~postinstall: PATH: C:\Program Files\nodejs\node_modules\npm\bin\node-gyp-bin;C:\Users\isaac\Desktop\Trabajos\Analisis y Diseo de Sistemas\proyecto\frontend\node_modules\.bin;C:\Users\isaac\bin;C:\Program Files\Git\mingw64\bin;C:\Program Files\Git\usr\local\bin;C:\Program Files\Git\usr\bin;C:\Program Files\Git\usr\bin;C:\Program Files\Git\mingw64\bin;C:\Program Files\Git\usr\bin;C:\Users\isaac\bin;C:\ProgramData\Oracle\Java\javapath;C:\C;C:\Program Files\Git\Users\isaac\Documents\apache-maven-3.5.0\binProgram Files (x86)\Intel\iCLS Client;C:\Program Files\Intel\iCLS Client;C:\WINDOWS\system32;C:\WINDOWS;C:\WINDOWS\System32\Wbem;C:\WINDOWS\System32\WindowsPowerShell\v1.0;C:\Program Files\Intel\Intel(R) Management Engine Components\DAL;C:\Program Files\Intel\Intel(R) Management Engine Components\IPT;C:\Program Files (x86)\Intel\Intel(R) Management Engine Components\DAL;C:\Program Files (x86)\Intel\Intel(R) Management Engine Components\IPT;C:\Program Files (x86)\Skype\Phone;C:\Program Files (x86)\PuTTY;C:\Program Files\Git\cmd;C:\Program Files\Microsoft SQL Server\Client SDK\ODBC\110\Tools\Binn;C:\Program Files (x86)\Microsoft SQL Server\120\Tools\Binn;C:\Program Files\Microsoft SQL Server\120\Tools\Binn;C:\Program Files\Microsoft SQL Server\120\DTS\Binn;C:\Program Files (x86)\Microsoft SQL Server\120\Tools\Binn\ManagementStudio;C:\Users\isaac\Documents\apache-maven-3.5.0\bin;C:\Program Files\nodejs;C:\Users\isaac\AppData\Local\Microsoft\WindowsApps;C:\Program Files (x86)\sox-14-4-2;C:\Program Files\Java\jdk1.8.0_121\bin;C:\Program Files\Heroku\bin;C:\Users\isaac\AppData\Roaming\npm;C:\Program Files\Microsoft VS Code\bin;C:\Program Files\Git\usr\bin\vendor_perl;C:\Program Files\Git\usr\bin\core_perl
86 verbose lifecycle proyecto-analisis-frontend@1.0.0~postinstall: CWD: C:\Users\isaac\Desktop\Trabajos\Analisis y Diseo de Sistemas\proyecto\frontend
87 silly lifecycle proyecto-analisis-frontend@1.0.0~postinstall: Args: [ '/d /s /c', 'ng build --prod' ]
88 silly lifecycle proyecto-analisis-frontend@1.0.0~postinstall: Returned: code: 1  signal: null
89 info lifecycle proyecto-analisis-frontend@1.0.0~postinstall: Failed to exec postinstall script
90 warn optional SKIPPING OPTIONAL DEPENDENCY: fsevents@^1.0.0 (node_modules\chokidar\node_modules\fsevents):
91 warn notsup SKIPPING OPTIONAL DEPENDENCY: Unsupported platform for fsevents@1.1.3: wanted {"os":"darwin","arch":"any"} (current: {"os":"win32","arch":"x64"})
92 verbose notsup SKIPPING OPTIONAL DEPENDENCY: Valid OS:    darwin
92 verbose notsup SKIPPING OPTIONAL DEPENDENCY: Valid Arch:  any
92 verbose notsup SKIPPING OPTIONAL DEPENDENCY: Actual OS:   win32
92 verbose notsup SKIPPING OPTIONAL DEPENDENCY: Actual Arch: x64
93 warn codelyzer@2.0.1 requires a peer of tslint@^4.0.0 but none was installed.
94 verbose If you need help, you may report this error at:
94 verbose     <https://github.com/npm/npm/issues>
95 warn ng2-charts@1.5.0 requires a peer of @angular/common@^2.3.0 but none was installed.
96 verbose If you need help, you may report this error at:
96 verbose     <https://github.com/npm/npm/issues>
97 warn ng2-charts@1.5.0 requires a peer of @angular/core@^2.3.0 but none was installed.
98 verbose If you need help, you may report this error at:
98 verbose     <https://github.com/npm/npm/issues>
99 verbose stack Error: proyecto-analisis-frontend@1.0.0 postinstall: `ng build --prod`
99 verbose stack Exit status 1
99 verbose stack     at EventEmitter.<anonymous> (C:\Program Files\nodejs\node_modules\npm\lib\utils\lifecycle.js:255:16)
99 verbose stack     at emitTwo (events.js:106:13)
99 verbose stack     at EventEmitter.emit (events.js:191:7)
99 verbose stack     at ChildProcess.<anonymous> (C:\Program Files\nodejs\node_modules\npm\lib\utils\spawn.js:40:14)
99 verbose stack     at emitTwo (events.js:106:13)
99 verbose stack     at ChildProcess.emit (events.js:191:7)
99 verbose stack     at maybeClose (internal/child_process.js:891:16)
99 verbose stack     at Process.ChildProcess._handle.onexit (internal/child_process.js:226:5)
100 verbose pkgid proyecto-analisis-frontend@1.0.0
101 verbose cwd C:\Users\isaac\Desktop\Trabajos\Analisis y Diseo de Sistemas\proyecto\frontend
102 error Windows_NT 10.0.15063
103 error argv "C:\\Program Files\\nodejs\\node.exe" "C:\\Program Files\\nodejs\\node_modules\\npm\\bin\\npm-cli.js" "install"
104 error node v6.11.2
105 error npm  v3.10.10
106 error code ELIFECYCLE
107 error proyecto-analisis-frontend@1.0.0 postinstall: `ng build --prod`
107 error Exit status 1
108 error Failed at the proyecto-analisis-frontend@1.0.0 postinstall script 'ng build --prod'.
108 error Make sure you have the latest version of node.js and npm installed.
108 error If you do, this is most likely a problem with the proyecto-analisis-frontend package,
108 error not with npm itself.
108 error Tell the author that this fails on your system:
108 error     ng build --prod
108 error You can get information on how to open an issue for this project with:
108 error     npm bugs proyecto-analisis-frontend
108 error Or if that isn't available, you can get their info via:
108 error     npm owner ls proyecto-analisis-frontend
108 error There is likely additional logging output above.
109 verbose exit [ 1, true ]
